<?xml version="1.0" encoding="UTF-8" standalone="yes"?>
<ns2:test-suite start="1537449217950" stop="1537449357868" version="1.4.16" xmlns:ns2="urn:model.allure.qatools.yandex.ru">
    <name>Suite : TestLASTPPass</name>
    <title>Suite : TestLASTPPass</title>
    <test-cases>
        <test-case start="1537449225687" stop="1537449271272" status="passed">
            <name>selectNBSBranchInward</name>
            <title>Select Branch Inword bucket and fill the data</title>
            <description type="text">Select BranchInward and fill the data then click on submit </description>
            <steps>
                <step start="1537449218147" stop="1537449218149" status="passed">
                    <name>logStep[User Selected Chrome Browser to execute]</name>
                    <title>User Selected Chrome Browser to execute</title>
                    <attachments/>
                    <steps/>
                </step>
                <step start="1537449222046" stop="1537449222046" status="passed">
                    <name>logStep[chrome  Browser launched]</name>
                    <title>chrome  Browser launched</title>
                    <attachments/>
                    <steps/>
                </step>
                <step start="1537449225435" stop="1537449225435" status="passed">
                    <name>logStep[Url entered : http://10.50.46.80/home/dpli/insurance/DPLIIndex3.htm#/NBbranchInward]</name>
                    <title>Url entered : http://10.50.46.80/home/dpli/insurance/DPLIIndex3.htm#/NBbranchInward</title>
                    <attachments/>
                    <steps/>
                </step>
                <step start="1537449227309" stop="1537449227309" status="passed">
                    <name>logStep[Sheet Name not matched with test data]</name>
                    <title>Sheet Name not matched with test data</title>
                    <attachments/>
                    <steps/>
                </step>
                <step start="1537449229618" stop="1537449229618" status="passed">
                    <name>logStep[User entered Username]</name>
                    <title>User entered Username</title>
                    <attachments/>
                    <steps/>
                </step>
                <step start="1537449229739" stop="1537449229739" status="passed">
                    <name>logStep[User entered Username]</name>
                    <title>User entered Username</title>
                    <attachments/>
                    <steps/>
                </step>
                <step start="1537449229739" stop="1537449229739" status="passed">
                    <name>logStep[Taking screenshot : Login Page]</name>
                    <title>Taking screenshot : Login Page</title>
                    <attachments/>
                    <steps/>
                </step>
                <step start="1537449230154" stop="1537449230154" status="passed">
                    <name>logStep[User entered UserName / Password ]</name>
                    <title>User entered UserName / Password </title>
                    <attachments/>
                    <steps/>
                </step>
                <step start="1537449230243" stop="1537449230243" status="passed">
                    <name>logStep[User clicked on Login button]</name>
                    <title>User clicked on Login button</title>
                    <attachments/>
                    <steps/>
                </step>
                <step start="1537449238491" stop="1537449238491" status="passed">
                    <name>logStep[Clicked on Branch Inward from NBS ]</name>
                    <title>Clicked on Branch Inward from NBS </title>
                    <attachments/>
                    <steps/>
                </step>
                <step start="1537449238593" stop="1537449238593" status="passed">
                    <name>logStep[Sheet Name not matched with test data]</name>
                    <title>Sheet Name not matched with test data</title>
                    <attachments/>
                    <steps/>
                </step>
                <step start="1537449238595" stop="1537449238595" status="passed">
                    <name>logStep[Sheet Name not matched with test data]</name>
                    <title>Sheet Name not matched with test data</title>
                    <attachments/>
                    <steps/>
                </step>
                <step start="1537449238705" stop="1537449238705" status="passed">
                    <name>logStep[Random Proposal number generated: MNB9040120]</name>
                    <title>Random Proposal number generated: MNB9040120</title>
                    <attachments/>
                    <steps/>
                </step>
                <step start="1537449239959" stop="1537449239959" status="passed">
                    <name>logStep[Selected Agent ]</name>
                    <title>Selected Agent </title>
                    <attachments/>
                    <steps/>
                </step>
                <step start="1537449241240" stop="1537449241240" status="passed">
                    <name>logStep[Selected option is : Agent Code]</name>
                    <title>Selected option is : Agent Code</title>
                    <attachments/>
                    <steps/>
                </step>
                <step start="1537449241388" stop="1537449241389" status="passed">
                    <name>logStep[Enter data :70031411]</name>
                    <title>Enter data :70031411</title>
                    <attachments/>
                    <steps/>
                </step>
                <step start="1537449241450" stop="1537449241450" status="passed">
                    <name>logStep[Clicked on search button]</name>
                    <title>Clicked on search button</title>
                    <attachments/>
                    <steps/>
                </step>
                <step start="1537449244126" stop="1537449244126" status="passed">
                    <name>logStep[Selected option is : Ms.]</name>
                    <title>Selected option is : Ms.</title>
                    <attachments/>
                    <steps/>
                </step>
                <step start="1537449244269" stop="1537449244269" status="passed">
                    <name>logStep[Enter data :Bhavishya]</name>
                    <title>Enter data :Bhavishya</title>
                    <attachments/>
                    <steps/>
                </step>
                <step start="1537449244608" stop="1537449244608" status="passed">
                    <name>logStep[Selected option is : Telangana]</name>
                    <title>Selected option is : Telangana</title>
                    <attachments/>
                    <steps/>
                </step>
                <step start="1537449246084" stop="1537449246084" status="passed">
                    <name>logStep[Enter data :9290851186]</name>
                    <title>Enter data :9290851186</title>
                    <attachments/>
                    <steps/>
                </step>
                <step start="1537449246262" stop="1537449246262" status="passed">
                    <name>logStep[Selected option is : Adhaar card]</name>
                    <title>Selected option is : Adhaar card</title>
                    <attachments/>
                    <steps/>
                </step>
                <step start="1537449250925" stop="1537449250925" status="passed">
                    <name>logStep[Selected option is : Non Smoker]</name>
                    <title>Selected option is : Non Smoker</title>
                    <attachments/>
                    <steps/>
                </step>
                <step start="1537449251109" stop="1537449251109" status="passed">
                    <name>logStep[Selected option is : Female]</name>
                    <title>Selected option is : Female</title>
                    <attachments/>
                    <steps/>
                </step>
                <step start="1537449251459" stop="1537449251459" status="passed">
                    <name>logStep[Selected option is : Smart Assure]</name>
                    <title>Selected option is : Smart Assure</title>
                    <attachments/>
                    <steps/>
                </step>
                <step start="1537449251731" stop="1537449251731" status="passed">
                    <name>logStep[Selected option is : 10]</name>
                    <title>Selected option is : 10</title>
                    <attachments/>
                    <steps/>
                </step>
                <step start="1537449251962" stop="1537449251962" status="passed">
                    <name>logStep[Selected option is : 5]</name>
                    <title>Selected option is : 5</title>
                    <attachments/>
                    <steps/>
                </step>
                <step start="1537449252136" stop="1537449252136" status="passed">
                    <name>logStep[Selected option is : Annually]</name>
                    <title>Selected option is : Annually</title>
                    <attachments/>
                    <steps/>
                </step>
                <step start="1537449252307" stop="1537449252307" status="passed">
                    <name>logStep[Selected option is : Sum Assured]</name>
                    <title>Selected option is : Sum Assured</title>
                    <attachments/>
                    <steps/>
                </step>
                <step start="1537449252421" stop="1537449252421" status="passed">
                    <name>logStep[Enter data :100,000]</name>
                    <title>Enter data :100,000</title>
                    <attachments/>
                    <steps/>
                </step>
                <step start="1537449255858" stop="1537449255858" status="passed">
                    <name>logStep[Click on Next button ]</name>
                    <title>Click on Next button </title>
                    <attachments/>
                    <steps/>
                </step>
                <step start="1537449255859" stop="1537449255859" status="passed">
                    <name>logStep[Clicked on GetQuote button]</name>
                    <title>Clicked on GetQuote button</title>
                    <attachments/>
                    <steps/>
                </step>
                <step start="1537449255860" stop="1537449255860" status="passed">
                    <name>logStep[Taking screenshot]</name>
                    <title>Taking screenshot</title>
                    <attachments/>
                    <steps/>
                </step>
                <step start="1537449256410" stop="1537449256410" status="passed">
                    <name>logStep[Quote details saved successfully]</name>
                    <title>Quote details saved successfully</title>
                    <attachments/>
                    <steps/>
                </step>
                <step start="1537449256559" stop="1537449256559" status="passed">
                    <name>logStep[Entered text is :18,945]</name>
                    <title>Entered text is :18,945</title>
                    <attachments/>
                    <steps/>
                </step>
                <step start="1537449258708" stop="1537449258708" status="passed">
                    <name>logStep[Click on Next button ]</name>
                    <title>Click on Next button </title>
                    <attachments/>
                    <steps/>
                </step>
                <step start="1537449258708" stop="1537449258708" status="passed">
                    <name>logStep[Clicked on GetRequirement button]</name>
                    <title>Clicked on GetRequirement button</title>
                    <attachments/>
                    <steps/>
                </step>
                <step start="1537449265112" stop="1537449265112" status="passed">
                    <name>logStep[Click on Next button ]</name>
                    <title>Click on Next button </title>
                    <attachments/>
                    <steps/>
                </step>
                <step start="1537449265113" stop="1537449265113" status="passed">
                    <name>logStep[Clicked on InwardComplete button]</name>
                    <title>Clicked on InwardComplete button</title>
                    <attachments/>
                    <steps/>
                </step>
                <step start="1537449265113" stop="1537449265113" status="passed">
                    <name>logStep[Taking screenshot]</name>
                    <title>Taking screenshot</title>
                    <attachments/>
                    <steps/>
                </step>
                <step start="1537449267548" stop="1537449267548" status="passed">
                    <name>logStep[Taking screenshot]</name>
                    <title>Taking screenshot</title>
                    <attachments/>
                    <steps/>
                </step>
                <step start="1537449270867" stop="1537449270867" status="passed">
                    <name>logStep[Click on Next button ]</name>
                    <title>Click on Next button </title>
                    <attachments/>
                    <steps/>
                </step>
                <step start="1537449270868" stop="1537449270868" status="passed">
                    <name>logStep[clicked on Yes proceed button]</name>
                    <title>clicked on Yes proceed button</title>
                    <attachments/>
                    <steps/>
                </step>
                <step start="1537449270910" stop="1537449270910" status="passed">
                    <name>logStep[message : -- Inward for Proposal No. MNB9040120 is in processing, Please check after some time]</name>
                    <title>message : -- Inward for Proposal No. MNB9040120 is in processing, Please check after some time</title>
                    <attachments/>
                    <steps/>
                </step>
                <step start="1537449270910" stop="1537449270910" status="passed">
                    <name>logStep[Taking screenshot]</name>
                    <title>Taking screenshot</title>
                    <attachments/>
                    <steps/>
                </step>
                <step start="1537449271264" stop="1537449271264" status="passed">
                    <name>logStep[Clicked on OK button]</name>
                    <title>Clicked on OK button</title>
                    <attachments/>
                    <steps/>
                </step>
            </steps>
            <attachments>
                <attachment title="Screenshot" source="ee7ee445-84ca-449d-86de-212c28176569-attachment.png" type="image/png"/>
                <attachment title="Screenshot" source="fc13b460-81c0-491b-bacb-4ef512ea2fde-attachment.png" type="image/png"/>
                <attachment title="Screenshot" source="20ce7a28-5107-496f-ae68-087f2c1e8d9b-attachment.png" type="image/png"/>
                <attachment title="Screenshot" source="9023d0b9-2562-4f6f-91a6-504f6f8a1c21-attachment.png" type="image/png"/>
                <attachment title="Screenshot" source="9268ab8f-c790-42c3-88ab-aca2c508716d-attachment.png" type="image/png"/>
            </attachments>
            <labels>
                <label name="story" value="LA Traditional Case (STP Pass)"/>
                <label name="host" value="MONO-HYD-LAP-14"/>
                <label name="thread" value="21916@MONO-HYD-LAP-14.main(1)"/>
            </labels>
        </test-case>
        <test-case start="1537449271277" stop="1537449302943" status="passed">
            <name>submitReciept</name>
            <title>Submit Receipt Bucket</title>
            <description type="text">Search with application number in Receipt and fill requierd data and submit </description>
            <steps>
                <step start="1537449273685" stop="1537449273685" status="passed">
                    <name>logStep[Taking screenshot]</name>
                    <title>Taking screenshot</title>
                    <attachments/>
                    <steps/>
                </step>
                <step start="1537449273959" stop="1537449273959" status="passed">
                    <name>logStep[Clicked on inbox button for selecting : inBox]</name>
                    <title>Clicked on inbox button for selecting : inBox</title>
                    <attachments/>
                    <steps/>
                </step>
                <step start="1537449276109" stop="1537449276109" status="passed">
                    <name>logStep[clicked on : Receipt]</name>
                    <title>clicked on : Receipt</title>
                    <attachments/>
                    <steps/>
                </step>
                <step start="1537449276110" stop="1537449276110" status="passed">
                    <name>logStep[Taking screenshot]</name>
                    <title>Taking screenshot</title>
                    <attachments/>
                    <steps/>
                </step>
                <step start="1537449282989" stop="1537449282989" status="passed">
                    <name>logStep[Entered text is :MNB9040120]</name>
                    <title>Entered text is :MNB9040120</title>
                    <attachments/>
                    <steps/>
                </step>
                <step start="1537449285203" stop="1537449285203" status="passed">
                    <name>logStep[Clicked on Proposal numMNB9040120]</name>
                    <title>Clicked on Proposal numMNB9040120</title>
                    <attachments/>
                    <steps/>
                </step>
                <step start="1537449287466" stop="1537449287466" status="passed">
                    <name>logStep[Selected Branch is : HO]</name>
                    <title>Selected Branch is : HO</title>
                    <attachments/>
                    <steps/>
                </step>
                <step start="1537449289755" stop="1537449289755" status="passed">
                    <name>logStep[Selected option is : HO - SBI]</name>
                    <title>Selected option is : HO - SBI</title>
                    <attachments/>
                    <steps/>
                </step>
                <step start="1537449289841" stop="1537449289841" status="passed">
                    <name>logStep[Clicked on AddInstrument button]</name>
                    <title>Clicked on AddInstrument button</title>
                    <attachments/>
                    <steps/>
                </step>
                <step start="1537449292374" stop="1537449292374" status="passed">
                    <name>logStep[Selected option is : Debit Cards]</name>
                    <title>Selected option is : Debit Cards</title>
                    <attachments/>
                    <steps/>
                </step>
                <step start="1537449292498" stop="1537449292498" status="passed">
                    <name>logStep[Selected option is : Yes]</name>
                    <title>Selected option is : Yes</title>
                    <attachments/>
                    <steps/>
                </step>
                <step start="1537449295234" stop="1537449295234" status="passed">
                    <name>logStep[Selected option is : Available]</name>
                    <title>Selected option is : Available</title>
                    <attachments/>
                    <steps/>
                </step>
                <step start="1537449295468" stop="1537449295468" status="passed">
                    <name>logStep[Taking screenshot]</name>
                    <title>Taking screenshot</title>
                    <attachments/>
                    <steps/>
                </step>
                <step start="1537449296038" stop="1537449296038" status="passed">
                    <name>logStep[clicked on create receipt button]</name>
                    <title>clicked on create receipt button</title>
                    <attachments/>
                    <steps/>
                </step>
                <step start="1537449296081" stop="1537449296081" status="passed">
                    <name>logStep[Taking screenshot]</name>
                    <title>Taking screenshot</title>
                    <attachments/>
                    <steps/>
                </step>
                <step start="1537449300809" stop="1537449300809" status="passed">
                    <name>logStep[Click on Next button ]</name>
                    <title>Click on Next button </title>
                    <attachments/>
                    <steps/>
                </step>
            </steps>
            <attachments>
                <attachment title="Screenshot" source="3cced528-9e93-41b2-8177-b122031ea2af-attachment.png" type="image/png"/>
                <attachment title="Screenshot" source="7cb0d211-4ed7-4ee9-a1d1-919327aa51c4-attachment.png" type="image/png"/>
                <attachment title="Screenshot" source="34ec2f25-477c-4090-8679-a0f29467f275-attachment.png" type="image/png"/>
                <attachment title="Screenshot" source="d2de0a69-0353-4b01-8ed8-5d19f354cc90-attachment.png" type="image/png"/>
            </attachments>
            <labels>
                <label name="story" value="LA Traditional Case (STP Pass)"/>
                <label name="host" value="MONO-HYD-LAP-14"/>
                <label name="thread" value="21916@MONO-HYD-LAP-14.main(1)"/>
            </labels>
        </test-case>
        <test-case start="1537449302948" stop="1537449321746" status="passed">
            <name>pendingBranchScrutny</name>
            <title>Pending brach scrytny bucket</title>
            <description type="text">Search with application number and Submit</description>
            <steps>
                <step start="1537449305073" stop="1537449305073" status="passed">
                    <name>logStep[Taking screenshot]</name>
                    <title>Taking screenshot</title>
                    <attachments/>
                    <steps/>
                </step>
                <step start="1537449305361" stop="1537449305361" status="passed">
                    <name>logStep[Clicked on inbox button for selecting : inBox]</name>
                    <title>Clicked on inbox button for selecting : inBox</title>
                    <attachments/>
                    <steps/>
                </step>
                <step start="1537449307479" stop="1537449307479" status="passed">
                    <name>logStep[clicked on : pbScrutny]</name>
                    <title>clicked on : pbScrutny</title>
                    <attachments/>
                    <steps/>
                </step>
                <step start="1537449307480" stop="1537449307480" status="passed">
                    <name>logStep[Taking screenshot]</name>
                    <title>Taking screenshot</title>
                    <attachments/>
                    <steps/>
                </step>
                <step start="1537449312404" stop="1537449312404" status="passed">
                    <name>logStep[MNB9040120 proposal num is clicked ]</name>
                    <title>MNB9040120 proposal num is clicked </title>
                    <attachments/>
                    <steps/>
                </step>
                <step start="1537449314550" stop="1537449314550" status="passed">
                    <name>logStep[Clicked on Submit button]</name>
                    <title>Clicked on Submit button</title>
                    <attachments/>
                    <steps/>
                </step>
                <step start="1537449316696" stop="1537449316696" status="passed">
                    <name>logStep[Success---Branch Scrutiny Completed]</name>
                    <title>Success---Branch Scrutiny Completed</title>
                    <attachments/>
                    <steps/>
                </step>
                <step start="1537449316716" stop="1537449316716" status="passed">
                    <name>logStep[Taking screenshot]</name>
                    <title>Taking screenshot</title>
                    <attachments/>
                    <steps/>
                </step>
                <step start="1537449317023" stop="1537449317023" status="passed">
                    <name>logStep[Scrutny submitted succssfully  Branch Scrutiny Completed]</name>
                    <title>Scrutny submitted succssfully  Branch Scrutiny Completed</title>
                    <attachments/>
                    <steps/>
                </step>
                <step start="1537449319048" stop="1537449319048" status="passed">
                    <name>logStep[Taking screenshot]</name>
                    <title>Taking screenshot</title>
                    <attachments/>
                    <steps/>
                </step>
                <step start="1537449321455" stop="1537449321455" status="passed">
                    <name>logStep[Click on Next button ]</name>
                    <title>Click on Next button </title>
                    <attachments/>
                    <steps/>
                </step>
                <step start="1537449321455" stop="1537449321455" status="passed">
                    <name>logStep[Taking screenshot]</name>
                    <title>Taking screenshot</title>
                    <attachments/>
                    <steps/>
                </step>
            </steps>
            <attachments>
                <attachment title="Screenshot" source="1482ff69-91d2-4c32-ac27-8ab3f12fffd1-attachment.png" type="image/png"/>
                <attachment title="Screenshot" source="8dca5393-91f5-48f4-899b-390ebe1523b5-attachment.png" type="image/png"/>
                <attachment title="Screenshot" source="468f9568-02e4-45ed-9e1e-f7970a4acc05-attachment.png" type="image/png"/>
                <attachment title="Screenshot" source="5539b327-a997-420f-8bea-3eaa6a5106bb-attachment.png" type="image/png"/>
                <attachment title="Screenshot" source="21a33870-d9c9-44da-974a-fd8b478a99d7-attachment.png" type="image/png"/>
            </attachments>
            <labels>
                <label name="story" value="LA Traditional Case (STP Pass)"/>
                <label name="host" value="MONO-HYD-LAP-14"/>
                <label name="thread" value="21916@MONO-HYD-LAP-14.main(1)"/>
            </labels>
        </test-case>
        <test-case start="1537449321747" stop="1537449357098" status="broken">
            <name>selectDispatch</name>
            <title>DispatchMode bucket</title>
            <description type="text">Search with application number and submit</description>
            <failure>
                <message>TimeoutException: Expected condition failed: waiting for element to be clickable: [[ChromeDriver: chrome on XP (73b73c11f234dca1ee9b067f1c8fe42f)] -&gt; xpath: /html/body/div[8]/p] (tried for 20 second(s) with 500 milliseconds interval)
Build info: version: '3.11.0', revision: 'e59cfb3', time: '2018-03-11T20:26:55.152Z'
System info: host: 'MONO-HYD-LAP-14', ip: '10.50.101.80', os.name: 'Windows 10', os.arch: 'amd64', os.version: '10.0', java.version: '1.8.0_181'
Driver info: org.openqa.selenium.chrome.ChromeDriver
Capabilities {acceptInsecureCerts: false, acceptSslCerts: false, applicationCacheEnabled: false, browserConnectionEnabled: false, browserName: chrome, chrome: {chromedriverVersion: 2.41.578737 (49da6702b16031..., userDataDir: C:\Users\BHAVIS~1\AppData\L...}, cssSelectorsEnabled: true, databaseEnabled: false, goog:chromeOptions: {debuggerAddress: localhost:49426}, handlesAlerts: true, hasTouchScreen: false, javascriptEnabled: true, locationContextEnabled: true, mobileEmulationEnabled: false, nativeEvents: true, networkConnectionEnabled: false, pageLoadStrategy: normal, platform: XP, platformName: XP, rotatable: false, setWindowRect: true, takesHeapSnapshot: true, takesScreenshot: true, unexpectedAlertBehaviour: , unhandledPromptBehavior: , version: 69.0.3497.100, webStorageEnabled: true}
Session ID: 73b73c11f234dca1ee9b067f1c8fe42f</message>
                <stack-trace>org.openqa.selenium.TimeoutException: Expected condition failed: waiting for element to be clickable: [[ChromeDriver: chrome on XP (73b73c11f234dca1ee9b067f1c8fe42f)] -&gt; xpath: /html/body/div[8]/p] (tried for 20 second(s) with 500 milliseconds interval)
Build info: version: '3.11.0', revision: 'e59cfb3', time: '2018-03-11T20:26:55.152Z'
System info: host: 'MONO-HYD-LAP-14', ip: '10.50.101.80', os.name: 'Windows 10', os.arch: 'amd64', os.version: '10.0', java.version: '1.8.0_181'
Driver info: org.openqa.selenium.chrome.ChromeDriver
Capabilities {acceptInsecureCerts: false, acceptSslCerts: false, applicationCacheEnabled: false, browserConnectionEnabled: false, browserName: chrome, chrome: {chromedriverVersion: 2.41.578737 (49da6702b16031..., userDataDir: C:\Users\BHAVIS~1\AppData\L...}, cssSelectorsEnabled: true, databaseEnabled: false, goog:chromeOptions: {debuggerAddress: localhost:49426}, handlesAlerts: true, hasTouchScreen: false, javascriptEnabled: true, locationContextEnabled: true, mobileEmulationEnabled: false, nativeEvents: true, networkConnectionEnabled: false, pageLoadStrategy: normal, platform: XP, platformName: XP, rotatable: false, setWindowRect: true, takesHeapSnapshot: true, takesScreenshot: true, unexpectedAlertBehaviour: , unhandledPromptBehavior: , version: 69.0.3497.100, webStorageEnabled: true}
Session ID: 73b73c11f234dca1ee9b067f1c8fe42f
	at org.openqa.selenium.support.ui.WebDriverWait.timeoutException(WebDriverWait.java:81)
	at org.openqa.selenium.support.ui.FluentWait.until(FluentWait.java:271)
	at utilities.ReusableFunctions.waitTillElementToBeClickable(ReusableFunctions.java:206)
	at pageObjectClasses.DispatchMode.clickOnOK(DispatchMode.java:87)
	at Cosmos_Testcases.LATraditionalstppass.selectDispatch(LATraditionalstppass.java:127)
	at sun.reflect.NativeMethodAccessorImpl.invoke0(Native Method)
	at sun.reflect.NativeMethodAccessorImpl.invoke(NativeMethodAccessorImpl.java:62)
	at sun.reflect.DelegatingMethodAccessorImpl.invoke(DelegatingMethodAccessorImpl.java:43)
	at java.lang.reflect.Method.invoke(Method.java:498)
	at org.testng.internal.MethodInvocationHelper.invokeMethod(MethodInvocationHelper.java:85)
	at org.testng.internal.Invoker.invokeMethod(Invoker.java:659)
	at org.testng.internal.Invoker.invokeTestMethod(Invoker.java:845)
	at org.testng.internal.Invoker.invokeTestMethods(Invoker.java:1153)
	at org.testng.internal.TestMethodWorker.invokeTestMethods(TestMethodWorker.java:125)
	at org.testng.internal.TestMethodWorker.run(TestMethodWorker.java:108)
	at org.testng.TestRunner.privateRun(TestRunner.java:771)
	at org.testng.TestRunner.run(TestRunner.java:621)
	at org.testng.SuiteRunner.runTest(SuiteRunner.java:357)
	at org.testng.SuiteRunner.runSequentially(SuiteRunner.java:352)
	at org.testng.SuiteRunner.privateRun(SuiteRunner.java:310)
	at org.testng.SuiteRunner.run(SuiteRunner.java:259)
	at org.testng.SuiteRunnerWorker.runSuite(SuiteRunnerWorker.java:52)
	at org.testng.SuiteRunnerWorker.run(SuiteRunnerWorker.java:86)
	at org.testng.TestNG.runSuitesSequentially(TestNG.java:1199)
	at org.testng.TestNG.runSuitesLocally(TestNG.java:1124)
	at org.testng.TestNG.run(TestNG.java:1032)
	at org.apache.maven.surefire.testng.TestNGExecutor.run(TestNGExecutor.java:73)
	at org.apache.maven.surefire.testng.TestNGXmlTestSuite.execute(TestNGXmlTestSuite.java:94)
	at org.apache.maven.surefire.Surefire.run(Surefire.java:169)
	at sun.reflect.NativeMethodAccessorImpl.invoke0(Native Method)
	at sun.reflect.NativeMethodAccessorImpl.invoke(NativeMethodAccessorImpl.java:62)
	at sun.reflect.DelegatingMethodAccessorImpl.invoke(DelegatingMethodAccessorImpl.java:43)
	at java.lang.reflect.Method.invoke(Method.java:498)
	at org.apache.maven.surefire.booter.SurefireBooter.runSuitesInProcess(SurefireBooter.java:350)
	at org.apache.maven.surefire.booter.SurefireBooter.main(SurefireBooter.java:1021)
</stack-trace>
            </failure>
            <steps>
                <step start="1537449322819" stop="1537449322819" status="passed">
                    <name>logStep[Mouser hovered on NBS]</name>
                    <title>Mouser hovered on NBS</title>
                </step>
                <step start="1537449323222" stop="1537449323222" status="passed">
                    <name>logStep[Dispatch Mode  is selected ]</name>
                    <title>Dispatch Mode  is selected </title>
                </step>
                <step start="1537449325456" stop="1537449325456" status="passed">
                    <name>logStep[Selected option is : New Business]</name>
                    <title>Selected option is : New Business</title>
                </step>
                <step start="1537449327632" stop="1537449327632" status="passed">
                    <name>logStep[Entered proposal num is : MNB9040120]</name>
                    <title>Entered proposal num is : MNB9040120</title>
                </step>
                <step start="1537449329979" stop="1537449329979" status="passed">
                    <name>logStep[Selected option is : Scanning]</name>
                    <title>Selected option is : Scanning</title>
                </step>
                <step start="1537449329981" stop="1537449329981" status="passed">
                    <name>logStep[Taking screenshot]</name>
                    <title>Taking screenshot</title>
                </step>
                <step start="1537449334495" stop="1537449334495" status="passed">
                    <name>logStep[Click on Next button ]</name>
                    <title>Click on Next button </title>
                </step>
                <step start="1537449334496" stop="1537449334496" status="passed">
                    <name>logStep[Taking screenshot]</name>
                    <title>Taking screenshot</title>
                </step>
                <step start="1537449334791" stop="1537449334791" status="passed">
                    <name>logStep[Clicked on Submit button]</name>
                    <title>Clicked on Submit button</title>
                </step>
            </steps>
            <attachments>
                <attachment title="Screenshot" source="0302c4e2-bfb7-4264-9955-b8c7b3020b7c-attachment.png" type="image/png"/>
                <attachment title="Screenshot" source="6aee0d58-9b59-4651-b953-b9349305af48-attachment.png" type="image/png"/>
            </attachments>
            <labels>
                <label name="story" value="LA Traditional Case (STP Pass)"/>
                <label name="host" value="MONO-HYD-LAP-14"/>
                <label name="thread" value="21916@MONO-HYD-LAP-14.main(1)"/>
            </labels>
        </test-case>
        <test-case start="1537449357099" stop="1537449357101" status="canceled">
            <name>scanAndIndex</name>
            <title>Scan and Index bucket</title>
            <description type="text">Search with application number and upload requiered documents and submit</description>
            <failure>
                <message>: Skipped due to dependency on other skipped or failed test methods</message>
                <stack-trace>ru.yandex.qatools.allure.testng.AllureTestListener$1: Skipped due to dependency on other skipped or failed test methods
	at ru.yandex.qatools.allure.testng.AllureTestListener.fireTestCaseCancel(AllureTestListener.java:366)
	at ru.yandex.qatools.allure.testng.AllureTestListener.onTestSkipped(AllureTestListener.java:181)
	at org.testng.internal.Invoker.runTestListeners(Invoker.java:1789)
	at org.testng.internal.Invoker.runTestListeners(Invoker.java:1781)
	at org.testng.internal.Invoker.registerSkippedTestResult(Invoker.java:1229)
	at org.testng.internal.Invoker.invokeTestMethods(Invoker.java:1063)
	at org.testng.internal.TestMethodWorker.invokeTestMethods(TestMethodWorker.java:125)
	at org.testng.internal.TestMethodWorker.run(TestMethodWorker.java:108)
	at org.testng.TestRunner.privateRun(TestRunner.java:771)
	at org.testng.TestRunner.run(TestRunner.java:621)
	at org.testng.SuiteRunner.runTest(SuiteRunner.java:357)
	at org.testng.SuiteRunner.runSequentially(SuiteRunner.java:352)
	at org.testng.SuiteRunner.privateRun(SuiteRunner.java:310)
	at org.testng.SuiteRunner.run(SuiteRunner.java:259)
	at org.testng.SuiteRunnerWorker.runSuite(SuiteRunnerWorker.java:52)
	at org.testng.SuiteRunnerWorker.run(SuiteRunnerWorker.java:86)
	at org.testng.TestNG.runSuitesSequentially(TestNG.java:1199)
	at org.testng.TestNG.runSuitesLocally(TestNG.java:1124)
	at org.testng.TestNG.run(TestNG.java:1032)
	at org.apache.maven.surefire.testng.TestNGExecutor.run(TestNGExecutor.java:73)
	at org.apache.maven.surefire.testng.TestNGXmlTestSuite.execute(TestNGXmlTestSuite.java:94)
	at org.apache.maven.surefire.Surefire.run(Surefire.java:169)
	at sun.reflect.NativeMethodAccessorImpl.invoke0(Native Method)
	at sun.reflect.NativeMethodAccessorImpl.invoke(NativeMethodAccessorImpl.java:62)
	at sun.reflect.DelegatingMethodAccessorImpl.invoke(DelegatingMethodAccessorImpl.java:43)
	at java.lang.reflect.Method.invoke(Method.java:498)
	at org.apache.maven.surefire.booter.SurefireBooter.runSuitesInProcess(SurefireBooter.java:350)
	at org.apache.maven.surefire.booter.SurefireBooter.main(SurefireBooter.java:1021)
</stack-trace>
            </failure>
            <steps/>
            <attachments/>
            <labels>
                <label name="story" value="LA Traditional Case (STP Pass)"/>
                <label name="host" value="MONO-HYD-LAP-14"/>
                <label name="thread" value="21916@MONO-HYD-LAP-14.main(1)"/>
            </labels>
        </test-case>
        <test-case start="1537449357101" stop="1537449357102" status="canceled">
            <name>copsInwardBucket</name>
            <title>Cops inward bucket</title>
            <description type="text">Search with application number and submit</description>
            <failure>
                <message>: Skipped due to dependency on other skipped or failed test methods</message>
                <stack-trace>ru.yandex.qatools.allure.testng.AllureTestListener$1: Skipped due to dependency on other skipped or failed test methods
	at ru.yandex.qatools.allure.testng.AllureTestListener.fireTestCaseCancel(AllureTestListener.java:366)
	at ru.yandex.qatools.allure.testng.AllureTestListener.onTestSkipped(AllureTestListener.java:181)
	at org.testng.internal.Invoker.runTestListeners(Invoker.java:1789)
	at org.testng.internal.Invoker.runTestListeners(Invoker.java:1781)
	at org.testng.internal.Invoker.registerSkippedTestResult(Invoker.java:1229)
	at org.testng.internal.Invoker.invokeTestMethods(Invoker.java:1063)
	at org.testng.internal.TestMethodWorker.invokeTestMethods(TestMethodWorker.java:125)
	at org.testng.internal.TestMethodWorker.run(TestMethodWorker.java:108)
	at org.testng.TestRunner.privateRun(TestRunner.java:771)
	at org.testng.TestRunner.run(TestRunner.java:621)
	at org.testng.SuiteRunner.runTest(SuiteRunner.java:357)
	at org.testng.SuiteRunner.runSequentially(SuiteRunner.java:352)
	at org.testng.SuiteRunner.privateRun(SuiteRunner.java:310)
	at org.testng.SuiteRunner.run(SuiteRunner.java:259)
	at org.testng.SuiteRunnerWorker.runSuite(SuiteRunnerWorker.java:52)
	at org.testng.SuiteRunnerWorker.run(SuiteRunnerWorker.java:86)
	at org.testng.TestNG.runSuitesSequentially(TestNG.java:1199)
	at org.testng.TestNG.runSuitesLocally(TestNG.java:1124)
	at org.testng.TestNG.run(TestNG.java:1032)
	at org.apache.maven.surefire.testng.TestNGExecutor.run(TestNGExecutor.java:73)
	at org.apache.maven.surefire.testng.TestNGXmlTestSuite.execute(TestNGXmlTestSuite.java:94)
	at org.apache.maven.surefire.Surefire.run(Surefire.java:169)
	at sun.reflect.NativeMethodAccessorImpl.invoke0(Native Method)
	at sun.reflect.NativeMethodAccessorImpl.invoke(NativeMethodAccessorImpl.java:62)
	at sun.reflect.DelegatingMethodAccessorImpl.invoke(DelegatingMethodAccessorImpl.java:43)
	at java.lang.reflect.Method.invoke(Method.java:498)
	at org.apache.maven.surefire.booter.SurefireBooter.runSuitesInProcess(SurefireBooter.java:350)
	at org.apache.maven.surefire.booter.SurefireBooter.main(SurefireBooter.java:1021)
</stack-trace>
            </failure>
            <steps/>
            <attachments/>
            <labels>
                <label name="story" value="LA Traditional Case (STP Pass)"/>
                <label name="host" value="MONO-HYD-LAP-14"/>
                <label name="thread" value="21916@MONO-HYD-LAP-14.main(1)"/>
            </labels>
        </test-case>
        <test-case start="1537449357102" stop="1537449357103" status="canceled">
            <name>nbsDataEntry</name>
            <title>NBS data entry bucket</title>
            <description type="text">Search with application number and enter all the requiered data and submit</description>
            <failure>
                <message>: Skipped due to dependency on other skipped or failed test methods</message>
                <stack-trace>ru.yandex.qatools.allure.testng.AllureTestListener$1: Skipped due to dependency on other skipped or failed test methods
	at ru.yandex.qatools.allure.testng.AllureTestListener.fireTestCaseCancel(AllureTestListener.java:366)
	at ru.yandex.qatools.allure.testng.AllureTestListener.onTestSkipped(AllureTestListener.java:181)
	at org.testng.internal.Invoker.runTestListeners(Invoker.java:1789)
	at org.testng.internal.Invoker.runTestListeners(Invoker.java:1781)
	at org.testng.internal.Invoker.registerSkippedTestResult(Invoker.java:1229)
	at org.testng.internal.Invoker.invokeTestMethods(Invoker.java:1063)
	at org.testng.internal.TestMethodWorker.invokeTestMethods(TestMethodWorker.java:125)
	at org.testng.internal.TestMethodWorker.run(TestMethodWorker.java:108)
	at org.testng.TestRunner.privateRun(TestRunner.java:771)
	at org.testng.TestRunner.run(TestRunner.java:621)
	at org.testng.SuiteRunner.runTest(SuiteRunner.java:357)
	at org.testng.SuiteRunner.runSequentially(SuiteRunner.java:352)
	at org.testng.SuiteRunner.privateRun(SuiteRunner.java:310)
	at org.testng.SuiteRunner.run(SuiteRunner.java:259)
	at org.testng.SuiteRunnerWorker.runSuite(SuiteRunnerWorker.java:52)
	at org.testng.SuiteRunnerWorker.run(SuiteRunnerWorker.java:86)
	at org.testng.TestNG.runSuitesSequentially(TestNG.java:1199)
	at org.testng.TestNG.runSuitesLocally(TestNG.java:1124)
	at org.testng.TestNG.run(TestNG.java:1032)
	at org.apache.maven.surefire.testng.TestNGExecutor.run(TestNGExecutor.java:73)
	at org.apache.maven.surefire.testng.TestNGXmlTestSuite.execute(TestNGXmlTestSuite.java:94)
	at org.apache.maven.surefire.Surefire.run(Surefire.java:169)
	at sun.reflect.NativeMethodAccessorImpl.invoke0(Native Method)
	at sun.reflect.NativeMethodAccessorImpl.invoke(NativeMethodAccessorImpl.java:62)
	at sun.reflect.DelegatingMethodAccessorImpl.invoke(DelegatingMethodAccessorImpl.java:43)
	at java.lang.reflect.Method.invoke(Method.java:498)
	at org.apache.maven.surefire.booter.SurefireBooter.runSuitesInProcess(SurefireBooter.java:350)
	at org.apache.maven.surefire.booter.SurefireBooter.main(SurefireBooter.java:1021)
</stack-trace>
            </failure>
            <steps/>
            <attachments/>
            <labels>
                <label name="story" value="LA Traditional Case (STP Pass)"/>
                <label name="host" value="MONO-HYD-LAP-14"/>
                <label name="thread" value="21916@MONO-HYD-LAP-14.main(1)"/>
            </labels>
        </test-case>
        <test-case start="1537449357103" stop="1537449357104" status="canceled">
            <name>copsQc</name>
            <title>CopsQC bucket</title>
            <description type="text">Search with application number and Verify all the NBS data entered correctly </description>
            <failure>
                <message>: Skipped due to dependency on other skipped or failed test methods</message>
                <stack-trace>ru.yandex.qatools.allure.testng.AllureTestListener$1: Skipped due to dependency on other skipped or failed test methods
	at ru.yandex.qatools.allure.testng.AllureTestListener.fireTestCaseCancel(AllureTestListener.java:366)
	at ru.yandex.qatools.allure.testng.AllureTestListener.onTestSkipped(AllureTestListener.java:181)
	at org.testng.internal.Invoker.runTestListeners(Invoker.java:1789)
	at org.testng.internal.Invoker.runTestListeners(Invoker.java:1781)
	at org.testng.internal.Invoker.registerSkippedTestResult(Invoker.java:1229)
	at org.testng.internal.Invoker.invokeTestMethods(Invoker.java:1063)
	at org.testng.internal.TestMethodWorker.invokeTestMethods(TestMethodWorker.java:125)
	at org.testng.internal.TestMethodWorker.run(TestMethodWorker.java:108)
	at org.testng.TestRunner.privateRun(TestRunner.java:771)
	at org.testng.TestRunner.run(TestRunner.java:621)
	at org.testng.SuiteRunner.runTest(SuiteRunner.java:357)
	at org.testng.SuiteRunner.runSequentially(SuiteRunner.java:352)
	at org.testng.SuiteRunner.privateRun(SuiteRunner.java:310)
	at org.testng.SuiteRunner.run(SuiteRunner.java:259)
	at org.testng.SuiteRunnerWorker.runSuite(SuiteRunnerWorker.java:52)
	at org.testng.SuiteRunnerWorker.run(SuiteRunnerWorker.java:86)
	at org.testng.TestNG.runSuitesSequentially(TestNG.java:1199)
	at org.testng.TestNG.runSuitesLocally(TestNG.java:1124)
	at org.testng.TestNG.run(TestNG.java:1032)
	at org.apache.maven.surefire.testng.TestNGExecutor.run(TestNGExecutor.java:73)
	at org.apache.maven.surefire.testng.TestNGXmlTestSuite.execute(TestNGXmlTestSuite.java:94)
	at org.apache.maven.surefire.Surefire.run(Surefire.java:169)
	at sun.reflect.NativeMethodAccessorImpl.invoke0(Native Method)
	at sun.reflect.NativeMethodAccessorImpl.invoke(NativeMethodAccessorImpl.java:62)
	at sun.reflect.DelegatingMethodAccessorImpl.invoke(DelegatingMethodAccessorImpl.java:43)
	at java.lang.reflect.Method.invoke(Method.java:498)
	at org.apache.maven.surefire.booter.SurefireBooter.runSuitesInProcess(SurefireBooter.java:350)
	at org.apache.maven.surefire.booter.SurefireBooter.main(SurefireBooter.java:1021)
</stack-trace>
            </failure>
            <steps/>
            <attachments/>
            <labels>
                <label name="story" value="LA Traditional Case (STP Pass)"/>
                <label name="host" value="MONO-HYD-LAP-14"/>
                <label name="thread" value="21916@MONO-HYD-LAP-14.main(1)"/>
            </labels>
        </test-case>
        <test-case start="1537449357104" stop="1537449357105" status="canceled">
            <name>applicationTracker</name>
            <title>Application Tracker bucket </title>
            <description type="text">Search with application number and wait for realization </description>
            <failure>
                <message>: Skipped due to dependency on other skipped or failed test methods</message>
                <stack-trace>ru.yandex.qatools.allure.testng.AllureTestListener$1: Skipped due to dependency on other skipped or failed test methods
	at ru.yandex.qatools.allure.testng.AllureTestListener.fireTestCaseCancel(AllureTestListener.java:366)
	at ru.yandex.qatools.allure.testng.AllureTestListener.onTestSkipped(AllureTestListener.java:181)
	at org.testng.internal.Invoker.runTestListeners(Invoker.java:1789)
	at org.testng.internal.Invoker.runTestListeners(Invoker.java:1781)
	at org.testng.internal.Invoker.registerSkippedTestResult(Invoker.java:1229)
	at org.testng.internal.Invoker.invokeTestMethods(Invoker.java:1063)
	at org.testng.internal.TestMethodWorker.invokeTestMethods(TestMethodWorker.java:125)
	at org.testng.internal.TestMethodWorker.run(TestMethodWorker.java:108)
	at org.testng.TestRunner.privateRun(TestRunner.java:771)
	at org.testng.TestRunner.run(TestRunner.java:621)
	at org.testng.SuiteRunner.runTest(SuiteRunner.java:357)
	at org.testng.SuiteRunner.runSequentially(SuiteRunner.java:352)
	at org.testng.SuiteRunner.privateRun(SuiteRunner.java:310)
	at org.testng.SuiteRunner.run(SuiteRunner.java:259)
	at org.testng.SuiteRunnerWorker.runSuite(SuiteRunnerWorker.java:52)
	at org.testng.SuiteRunnerWorker.run(SuiteRunnerWorker.java:86)
	at org.testng.TestNG.runSuitesSequentially(TestNG.java:1199)
	at org.testng.TestNG.runSuitesLocally(TestNG.java:1124)
	at org.testng.TestNG.run(TestNG.java:1032)
	at org.apache.maven.surefire.testng.TestNGExecutor.run(TestNGExecutor.java:73)
	at org.apache.maven.surefire.testng.TestNGXmlTestSuite.execute(TestNGXmlTestSuite.java:94)
	at org.apache.maven.surefire.Surefire.run(Surefire.java:169)
	at sun.reflect.NativeMethodAccessorImpl.invoke0(Native Method)
	at sun.reflect.NativeMethodAccessorImpl.invoke(NativeMethodAccessorImpl.java:62)
	at sun.reflect.DelegatingMethodAccessorImpl.invoke(DelegatingMethodAccessorImpl.java:43)
	at java.lang.reflect.Method.invoke(Method.java:498)
	at org.apache.maven.surefire.booter.SurefireBooter.runSuitesInProcess(SurefireBooter.java:350)
	at org.apache.maven.surefire.booter.SurefireBooter.main(SurefireBooter.java:1021)
</stack-trace>
            </failure>
            <steps/>
            <attachments/>
            <labels>
                <label name="story" value="LA Traditional Case (STP Pass)"/>
                <label name="host" value="MONO-HYD-LAP-14"/>
                <label name="thread" value="21916@MONO-HYD-LAP-14.main(1)"/>
            </labels>
        </test-case>
        <test-case start="1537449357105" stop="1537449357105" status="canceled">
            <name>proposalEnquiry</name>
            <title>Proposal enquiry and Receipt details bucket</title>
            <description type="text">Search with application number and get the receipt details with receipt No. for realization</description>
            <failure>
                <message>: Skipped due to dependency on other skipped or failed test methods</message>
                <stack-trace>ru.yandex.qatools.allure.testng.AllureTestListener$1: Skipped due to dependency on other skipped or failed test methods
	at ru.yandex.qatools.allure.testng.AllureTestListener.fireTestCaseCancel(AllureTestListener.java:366)
	at ru.yandex.qatools.allure.testng.AllureTestListener.onTestSkipped(AllureTestListener.java:181)
	at org.testng.internal.Invoker.runTestListeners(Invoker.java:1789)
	at org.testng.internal.Invoker.runTestListeners(Invoker.java:1781)
	at org.testng.internal.Invoker.registerSkippedTestResult(Invoker.java:1229)
	at org.testng.internal.Invoker.invokeTestMethods(Invoker.java:1063)
	at org.testng.internal.TestMethodWorker.invokeTestMethods(TestMethodWorker.java:125)
	at org.testng.internal.TestMethodWorker.run(TestMethodWorker.java:108)
	at org.testng.TestRunner.privateRun(TestRunner.java:771)
	at org.testng.TestRunner.run(TestRunner.java:621)
	at org.testng.SuiteRunner.runTest(SuiteRunner.java:357)
	at org.testng.SuiteRunner.runSequentially(SuiteRunner.java:352)
	at org.testng.SuiteRunner.privateRun(SuiteRunner.java:310)
	at org.testng.SuiteRunner.run(SuiteRunner.java:259)
	at org.testng.SuiteRunnerWorker.runSuite(SuiteRunnerWorker.java:52)
	at org.testng.SuiteRunnerWorker.run(SuiteRunnerWorker.java:86)
	at org.testng.TestNG.runSuitesSequentially(TestNG.java:1199)
	at org.testng.TestNG.runSuitesLocally(TestNG.java:1124)
	at org.testng.TestNG.run(TestNG.java:1032)
	at org.apache.maven.surefire.testng.TestNGExecutor.run(TestNGExecutor.java:73)
	at org.apache.maven.surefire.testng.TestNGXmlTestSuite.execute(TestNGXmlTestSuite.java:94)
	at org.apache.maven.surefire.Surefire.run(Surefire.java:169)
	at sun.reflect.NativeMethodAccessorImpl.invoke0(Native Method)
	at sun.reflect.NativeMethodAccessorImpl.invoke(NativeMethodAccessorImpl.java:62)
	at sun.reflect.DelegatingMethodAccessorImpl.invoke(DelegatingMethodAccessorImpl.java:43)
	at java.lang.reflect.Method.invoke(Method.java:498)
	at org.apache.maven.surefire.booter.SurefireBooter.runSuitesInProcess(SurefireBooter.java:350)
	at org.apache.maven.surefire.booter.SurefireBooter.main(SurefireBooter.java:1021)
</stack-trace>
            </failure>
            <steps/>
            <attachments/>
            <labels>
                <label name="story" value="LA Traditional Case (STP Pass)"/>
                <label name="host" value="MONO-HYD-LAP-14"/>
                <label name="thread" value="21916@MONO-HYD-LAP-14.main(1)"/>
            </labels>
        </test-case>
    </test-cases>
    <labels>
        <label name="framework" value="TestNG"/>
        <label name="language" value="JAVA"/>
    </labels>
</ns2:test-suite>
