{
  "uid" : "399bd507d40be7cc",
  "name" : "selectNBSBranchInward",
  "title" : "Select Branch Inword bucket and fill the data",
  "time" : {
    "start" : 1537449382425,
    "stop" : 1537449504633,
    "duration" : 122208
  },
  "summary" : {
    "attachments" : 0,
    "steps" : 4
  },
  "failure" : {
    "message" : "TimeoutException: Expected condition failed: waiting for visibility of Proxy element for: DefaultElementLocator 'By.id: inputName' (tried for 40 second(s) with 500 milliseconds interval)",
    "stackTrace" : "org.openqa.selenium.TimeoutException: Expected condition failed: waiting for visibility of Proxy element for: DefaultElementLocator 'By.id: inputName' (tried for 40 second(s) with 500 milliseconds interval)\n\tat org.openqa.selenium.support.ui.WebDriverWait.timeoutException(WebDriverWait.java:81)\n\tat org.openqa.selenium.support.ui.FluentWait.until(FluentWait.java:271)\n\tat utilities.ReusableFunctions.waitForVisible(ReusableFunctions.java:214)\n\tat pageObjectClasses.LoginPage.login(LoginPage.java:52)\n\tat Cosmos_Testcases.LACosmosToIL.selectNBSBranchInward(LACosmosToIL.java:83)\n\tat sun.reflect.NativeMethodAccessorImpl.invoke0(Native Method)\n\tat sun.reflect.NativeMethodAccessorImpl.invoke(NativeMethodAccessorImpl.java:62)\n\tat sun.reflect.DelegatingMethodAccessorImpl.invoke(DelegatingMethodAccessorImpl.java:43)\n\tat java.lang.reflect.Method.invoke(Method.java:498)\n\tat org.testng.internal.MethodInvocationHelper.invokeMethod(MethodInvocationHelper.java:85)\n\tat org.testng.internal.Invoker.invokeMethod(Invoker.java:659)\n\tat org.testng.internal.Invoker.invokeTestMethod(Invoker.java:845)\n\tat org.testng.internal.Invoker.invokeTestMethods(Invoker.java:1153)\n\tat org.testng.internal.TestMethodWorker.invokeTestMethods(TestMethodWorker.java:125)\n\tat org.testng.internal.TestMethodWorker.run(TestMethodWorker.java:108)\n\tat org.testng.TestRunner.privateRun(TestRunner.java:771)\n\tat org.testng.TestRunner.run(TestRunner.java:621)\n\tat org.testng.SuiteRunner.runTest(SuiteRunner.java:357)\n\tat org.testng.SuiteRunner.runSequentially(SuiteRunner.java:352)\n\tat org.testng.SuiteRunner.privateRun(SuiteRunner.java:310)\n\tat org.testng.SuiteRunner.run(SuiteRunner.java:259)\n\tat org.testng.SuiteRunnerWorker.runSuite(SuiteRunnerWorker.java:52)\n\tat org.testng.SuiteRunnerWorker.run(SuiteRunnerWorker.java:86)\n\tat org.testng.TestNG.runSuitesSequentially(TestNG.java:1199)\n\tat org.testng.TestNG.runSuitesLocally(TestNG.java:1124)\n\tat org.testng.TestNG.run(TestNG.java:1032)\n\tat org.apache.maven.surefire.testng.TestNGExecutor.run(TestNGExecutor.java:73)\n\tat org.apache.maven.surefire.testng.TestNGXmlTestSuite.execute(TestNGXmlTestSuite.java:94)\n\tat org.apache.maven.surefire.Surefire.run(Surefire.java:169)\n\tat sun.reflect.NativeMethodAccessorImpl.invoke0(Native Method)\n\tat sun.reflect.NativeMethodAccessorImpl.invoke(NativeMethodAccessorImpl.java:62)\n\tat sun.reflect.DelegatingMethodAccessorImpl.invoke(DelegatingMethodAccessorImpl.java:43)\n\tat java.lang.reflect.Method.invoke(Method.java:498)\n\tat org.apache.maven.surefire.booter.SurefireBooter.runSuitesInProcess(SurefireBooter.java:350)\n\tat org.apache.maven.surefire.booter.SurefireBooter.main(SurefireBooter.java:1021)\nCaused by: org.openqa.selenium.NoSuchElementException: no such element: Unable to locate element: {\"method\":\"id\",\"selector\":\"inputName\"}\n  (Session info: chrome=69.0.3497.100)\n  (Driver info: chromedriver=2.41.578737 (49da6702b16031c40d63e5618de03a32ff6c197e),platform=Windows NT 10.0.17134 x86_64) (WARNING: The server did not provide any stacktrace information)\nCommand duration or timeout: 0 milliseconds\nFor documentation on this error, please visit: http://seleniumhq.org/exceptions/no_such_element.html\nBuild info: version: '3.11.0', revision: 'e59cfb3', time: '2018-03-11T20:26:55.152Z'\nSystem info: host: 'MONO-HYD-LAP-14', ip: '10.50.101.80', os.name: 'Windows 10', os.arch: 'amd64', os.version: '10.0', java.version: '1.8.0_181'\nDriver info: org.openqa.selenium.chrome.ChromeDriver\nCapabilities {acceptInsecureCerts: false, acceptSslCerts: false, applicationCacheEnabled: false, browserConnectionEnabled: false, browserName: chrome, chrome: {chromedriverVersion: 2.41.578737 (49da6702b16031..., userDataDir: C:\\Users\\BHAVIS~1\\AppData\\L...}, cssSelectorsEnabled: true, databaseEnabled: false, goog:chromeOptions: {debuggerAddress: localhost:49467}, handlesAlerts: true, hasTouchScreen: false, javascriptEnabled: true, locationContextEnabled: true, mobileEmulationEnabled: false, nativeEvents: true, networkConnectionEnabled: false, pageLoadStrategy: normal, platform: XP, platformName: XP, rotatable: false, setWindowRect: true, takesHeapSnapshot: true, takesScreenshot: true, unexpectedAlertBehaviour: , unhandledPromptBehavior: , version: 69.0.3497.100, webStorageEnabled: true}\nSession ID: 6b1f0a73109c63bb79e1a471895c584c\n*** Element info: {Using=id, value=inputName}\n\tat sun.reflect.NativeConstructorAccessorImpl.newInstance0(Native Method)\n\tat sun.reflect.NativeConstructorAccessorImpl.newInstance(NativeConstructorAccessorImpl.java:62)\n\tat sun.reflect.DelegatingConstructorAccessorImpl.newInstance(DelegatingConstructorAccessorImpl.java:45)\n\tat java.lang.reflect.Constructor.newInstance(Constructor.java:423)\n\tat org.openqa.selenium.remote.ErrorHandler.createThrowable(ErrorHandler.java:214)\n\tat org.openqa.selenium.remote.ErrorHandler.throwIfResponseFailed(ErrorHandler.java:166)\n\tat org.openqa.selenium.remote.http.JsonHttpResponseCodec.reconstructValue(JsonHttpResponseCodec.java:40)\n\tat org.openqa.selenium.remote.http.AbstractHttpResponseCodec.decode(AbstractHttpResponseCodec.java:80)\n\tat org.openqa.selenium.remote.http.AbstractHttpResponseCodec.decode(AbstractHttpResponseCodec.java:44)\n\tat org.openqa.selenium.remote.HttpCommandExecutor.execute(HttpCommandExecutor.java:158)\n\tat org.openqa.selenium.remote.service.DriverCommandExecutor.execute(DriverCommandExecutor.java:83)\n\tat org.openqa.selenium.remote.RemoteWebDriver.execute(RemoteWebDriver.java:545)\n\tat org.openqa.selenium.remote.RemoteWebDriver.findElement(RemoteWebDriver.java:319)\n\tat org.openqa.selenium.remote.RemoteWebDriver.findElementById(RemoteWebDriver.java:365)\n\tat org.openqa.selenium.By$ById.findElement(By.java:218)\n\tat org.openqa.selenium.remote.RemoteWebDriver.findElement(RemoteWebDriver.java:311)\n\tat org.openqa.selenium.support.pagefactory.DefaultElementLocator.findElement(DefaultElementLocator.java:69)\n\tat org.openqa.selenium.support.pagefactory.internal.LocatingElementHandler.invoke(LocatingElementHandler.java:38)\n\tat com.sun.proxy.$Proxy14.isDisplayed(Unknown Source)\n\tat org.openqa.selenium.support.ui.ExpectedConditions.elementIfVisible(ExpectedConditions.java:315)\n\tat org.openqa.selenium.support.ui.ExpectedConditions.access$100(ExpectedConditions.java:44)\n\tat org.openqa.selenium.support.ui.ExpectedConditions$10.apply(ExpectedConditions.java:301)\n\tat org.openqa.selenium.support.ui.ExpectedConditions$10.apply(ExpectedConditions.java:298)\n\tat org.openqa.selenium.support.ui.FluentWait.until(FluentWait.java:248)\n\t... 33 more\n"
  },
  "description" : {
    "value" : "Select BranchInword and fill the data then click on submit ",
    "type" : "TEXT"
  },
  "severity" : "NORMAL",
  "status" : "BROKEN",
  "testId" : null,
  "suite" : {
    "uid" : "ac150cee6e165958",
    "name" : "Suite : TestLATOIL",
    "title" : "Suite : TestLATOIL"
  },
  "steps" : [ {
    "name" : "logStep[User Selected Chrome Browser to execute]",
    "title" : "User Selected Chrome Browser to execute",
    "time" : {
      "start" : 1537449357976,
      "stop" : 1537449357976,
      "duration" : 0
    },
    "summary" : {
      "attachments" : 0,
      "steps" : 0
    },
    "status" : "PASSED",
    "attachments" : [ ],
    "steps" : [ ]
  }, {
    "name" : "logStep[chrome  Browser launched]",
    "title" : "chrome  Browser launched",
    "time" : {
      "start" : 1537449360080,
      "stop" : 1537449360080,
      "duration" : 0
    },
    "summary" : {
      "attachments" : 0,
      "steps" : 0
    },
    "status" : "PASSED",
    "attachments" : [ ],
    "steps" : [ ]
  }, {
    "name" : "logStep[Url entered : http://10.50.46.80/home/dpli/insurance/DPLIIndex3.htm#/NBbranchInward]",
    "title" : "Url entered : http://10.50.46.80/home/dpli/insurance/DPLIIndex3.htm#/NBbranchInward",
    "time" : {
      "start" : 1537449382403,
      "stop" : 1537449382403,
      "duration" : 0
    },
    "summary" : {
      "attachments" : 0,
      "steps" : 0
    },
    "status" : "PASSED",
    "attachments" : [ ],
    "steps" : [ ]
  }, {
    "name" : "logStep[Sheet Name not matched with test data]",
    "title" : "Sheet Name not matched with test data",
    "time" : {
      "start" : 1537449382500,
      "stop" : 1537449382500,
      "duration" : 0
    },
    "summary" : {
      "attachments" : 0,
      "steps" : 0
    },
    "status" : "PASSED",
    "attachments" : [ ],
    "steps" : [ ]
  } ],
  "attachments" : [ ],
  "issues" : [ ],
  "labels" : [ {
    "name" : "story",
    "value" : "LA Cosmos TO IL"
  }, {
    "name" : "host",
    "value" : "MONO-HYD-LAP-14"
  }, {
    "name" : "thread",
    "value" : "21916@MONO-HYD-LAP-14.main(1)"
  }, {
    "name" : "suite-name",
    "value" : "Suite : TestLATOIL"
  }, {
    "name" : "suite-title",
    "value" : "Suite : TestLATOIL"
  }, {
    "name" : "framework",
    "value" : "TestNG"
  }, {
    "name" : "language",
    "value" : "JAVA"
  } ],
  "parameters" : [ ]
}