<?xml version="1.0" encoding="UTF-8" standalone="yes"?>
<ns2:test-suite start="1515062652547" stop="1515065127855" version="1.4.16" xmlns:ns2="urn:model.allure.qatools.yandex.ru">
    <name>Default suite : Default test</name>
    <title>Default suite : Default test</title>
    <test-cases>
        <test-case start="1515062652539" stop="1515062652544" status="pending">
            <name>staticBBAd_Validations</name>
            <failure>
                <message>Test not implemented yet</message>
                <stack-trace>There are no stack trace</stack-trace>
            </failure>
            <steps/>
            <attachments/>
            <labels>
                <label name="host" value="Macminis-Mac-mini.local"/>
                <label name="thread" value="2415@Macminis-Mac-mini.local.main(1)"/>
            </labels>
        </test-case>
        <test-case start="1515062652547" stop="1515062652547" status="pending">
            <name>staticBBAd_Validations</name>
            <failure>
                <message>Test not implemented yet</message>
                <stack-trace>There are no stack trace</stack-trace>
            </failure>
            <steps/>
            <attachments/>
            <labels>
                <label name="host" value="Macminis-Mac-mini.local"/>
                <label name="thread" value="2415@Macminis-Mac-mini.local.main(1)"/>
            </labels>
        </test-case>
        <test-case start="1515062972977" stop="1515063023760" status="passed">
            <name>Feed_1_Ad_Validation</name>
            <steps>
                <step start="1515062786023" stop="1515062786025" status="passed">
                    <name>logStep[Verify bb ad call in Test mode]</name>
                    <title>Verify bb ad call in Test mode</title>
                    <attachments/>
                    <steps/>
                </step>
            </steps>
            <attachments/>
            <labels>
                <label name="host" value="Macminis-Mac-mini.local"/>
                <label name="thread" value="2415@Macminis-Mac-mini.local.main(1)"/>
            </labels>
        </test-case>
        <test-case start="1515062972977" stop="1515063023760" status="passed">
            <name>Feed_1_Ad_Validation</name>
            <steps>
                <step start="1515062786023" stop="1515062786025" status="passed">
                    <name>logStep[Verify bb ad call in Test mode]</name>
                    <title>Verify bb ad call in Test mode</title>
                    <attachments/>
                    <steps/>
                </step>
            </steps>
            <attachments/>
            <labels>
                <label name="host" value="Macminis-Mac-mini.local"/>
                <label name="thread" value="2415@Macminis-Mac-mini.local.main(1)"/>
            </labels>
        </test-case>
        <test-case start="1515063023772" stop="1515063157350" status="passed">
            <name>Feed_2_Ad_VAlidation</name>
            <steps/>
            <attachments/>
            <labels>
                <label name="host" value="Macminis-Mac-mini.local"/>
                <label name="thread" value="2415@Macminis-Mac-mini.local.main(1)"/>
            </labels>
        </test-case>
        <test-case start="1515063023772" stop="1515063157350" status="passed">
            <name>Feed_2_Ad_VAlidation</name>
            <steps/>
            <attachments/>
            <labels>
                <label name="host" value="Macminis-Mac-mini.local"/>
                <label name="thread" value="2415@Macminis-Mac-mini.local.main(1)"/>
            </labels>
        </test-case>
        <test-case start="1515063157640" stop="1515063209887" status="passed">
            <name>Feed_3_Ad_Validation</name>
            <steps/>
            <attachments/>
            <labels>
                <label name="host" value="Macminis-Mac-mini.local"/>
                <label name="thread" value="2415@Macminis-Mac-mini.local.main(1)"/>
            </labels>
        </test-case>
        <test-case start="1515063157640" stop="1515063209887" status="passed">
            <name>Feed_3_Ad_Validation</name>
            <steps/>
            <attachments/>
            <labels>
                <label name="host" value="Macminis-Mac-mini.local"/>
                <label name="thread" value="2415@Macminis-Mac-mini.local.main(1)"/>
            </labels>
        </test-case>
        <test-case start="1515063209894" stop="1515063251661" status="passed">
            <name>Feed_4_Ad_VAlidation</name>
            <steps/>
            <attachments/>
            <labels>
                <label name="host" value="Macminis-Mac-mini.local"/>
                <label name="thread" value="2415@Macminis-Mac-mini.local.main(1)"/>
            </labels>
        </test-case>
        <test-case start="1515063209894" stop="1515063251661" status="passed">
            <name>Feed_4_Ad_VAlidation</name>
            <steps/>
            <attachments/>
            <labels>
                <label name="host" value="Macminis-Mac-mini.local"/>
                <label name="thread" value="2415@Macminis-Mac-mini.local.main(1)"/>
            </labels>
        </test-case>
        <test-case start="1515063251667" stop="1515063283782" status="passed">
            <name>Feed_5_Ad_Validation</name>
            <steps/>
            <attachments/>
            <labels>
                <label name="host" value="Macminis-Mac-mini.local"/>
                <label name="thread" value="2415@Macminis-Mac-mini.local.main(1)"/>
            </labels>
        </test-case>
        <test-case start="1515063251667" stop="1515063283782" status="passed">
            <name>Feed_5_Ad_Validation</name>
            <steps/>
            <attachments/>
            <labels>
                <label name="host" value="Macminis-Mac-mini.local"/>
                <label name="thread" value="2415@Macminis-Mac-mini.local.main(1)"/>
            </labels>
        </test-case>
        <test-case start="1515063284048" stop="1515063515619" status="passed">
            <name>HourlyPageAd_Validations</name>
            <steps>
                <step start="1515063304684" stop="1515063304684" status="passed">
                    <name>logStep[Hourly ad verification started]</name>
                    <title>Hourly ad verification started</title>
                    <attachments/>
                    <steps/>
                </step>
                <step start="1515063435655" stop="1515063435655" status="passed">
                    <name>logStep[Module found  and navigating to detaile page]</name>
                    <title>Module found  and navigating to detaile page</title>
                    <attachments/>
                    <steps/>
                </step>
                <step start="1515063485758" stop="1515063485758" status="passed">
                    <name>logStep[Navigated to detaile page]</name>
                    <title>Navigated to detaile page</title>
                    <attachments/>
                    <steps/>
                </step>
            </steps>
            <attachments/>
            <labels>
                <label name="host" value="Macminis-Mac-mini.local"/>
                <label name="thread" value="2415@Macminis-Mac-mini.local.main(1)"/>
            </labels>
        </test-case>
        <test-case start="1515063284048" stop="1515063515619" status="passed">
            <name>HourlyPageAd_Validations</name>
            <steps>
                <step start="1515063304684" stop="1515063304684" status="passed">
                    <name>logStep[Hourly ad verification started]</name>
                    <title>Hourly ad verification started</title>
                    <attachments/>
                    <steps/>
                </step>
                <step start="1515063435655" stop="1515063435655" status="passed">
                    <name>logStep[Module found  and navigating to detaile page]</name>
                    <title>Module found  and navigating to detaile page</title>
                    <attachments/>
                    <steps/>
                </step>
                <step start="1515063485758" stop="1515063485758" status="passed">
                    <name>logStep[Navigated to detaile page]</name>
                    <title>Navigated to detaile page</title>
                    <attachments/>
                    <steps/>
                </step>
            </steps>
            <attachments/>
            <labels>
                <label name="host" value="Macminis-Mac-mini.local"/>
                <label name="thread" value="2415@Macminis-Mac-mini.local.main(1)"/>
            </labels>
        </test-case>
        <test-case start="1515063515868" stop="1515063629610" status="passed">
            <name>DailyPageAd_Validations</name>
            <steps>
                <step start="1515063515869" stop="1515063515869" status="passed">
                    <name>logStep[Daily ad verification started]</name>
                    <title>Daily ad verification started</title>
                    <attachments/>
                    <steps/>
                </step>
                <step start="1515063580921" stop="1515063580921" status="passed">
                    <name>logStep[Module found  and navigating to detaile page]</name>
                    <title>Module found  and navigating to detaile page</title>
                    <attachments/>
                    <steps/>
                </step>
                <step start="1515063601949" stop="1515063601949" status="passed">
                    <name>logStep[Navigated to detaile page]</name>
                    <title>Navigated to detaile page</title>
                    <attachments/>
                    <steps/>
                </step>
            </steps>
            <attachments/>
            <labels>
                <label name="host" value="Macminis-Mac-mini.local"/>
                <label name="thread" value="2415@Macminis-Mac-mini.local.main(1)"/>
            </labels>
        </test-case>
        <test-case start="1515063515868" stop="1515063629610" status="passed">
            <name>DailyPageAd_Validations</name>
            <steps>
                <step start="1515063515869" stop="1515063515869" status="passed">
                    <name>logStep[Daily ad verification started]</name>
                    <title>Daily ad verification started</title>
                    <attachments/>
                    <steps/>
                </step>
                <step start="1515063580921" stop="1515063580921" status="passed">
                    <name>logStep[Module found  and navigating to detaile page]</name>
                    <title>Module found  and navigating to detaile page</title>
                    <attachments/>
                    <steps/>
                </step>
                <step start="1515063601949" stop="1515063601949" status="passed">
                    <name>logStep[Navigated to detaile page]</name>
                    <title>Navigated to detaile page</title>
                    <attachments/>
                    <steps/>
                </step>
            </steps>
            <attachments/>
            <labels>
                <label name="host" value="Macminis-Mac-mini.local"/>
                <label name="thread" value="2415@Macminis-Mac-mini.local.main(1)"/>
            </labels>
        </test-case>
        <test-case start="1515063629619" stop="1515063713731" status="passed">
            <name>MapPageAd_Validations</name>
            <steps>
                <step start="1515063629621" stop="1515063629621" status="passed">
                    <name>logStep[Map ad verification started]</name>
                    <title>Map ad verification started</title>
                    <attachments/>
                    <steps/>
                </step>
                <step start="1515063679119" stop="1515063679119" status="passed">
                    <name>logStep[Module found  and navigating to detaile page]</name>
                    <title>Module found  and navigating to detaile page</title>
                    <attachments/>
                    <steps/>
                </step>
                <step start="1515063698507" stop="1515063698507" status="passed">
                    <name>logStep[Navigated to detaile page]</name>
                    <title>Navigated to detaile page</title>
                    <attachments/>
                    <steps/>
                </step>
            </steps>
            <attachments/>
            <labels>
                <label name="host" value="Macminis-Mac-mini.local"/>
                <label name="thread" value="2415@Macminis-Mac-mini.local.main(1)"/>
            </labels>
        </test-case>
        <test-case start="1515063629619" stop="1515063713731" status="passed">
            <name>MapPageAd_Validations</name>
            <steps>
                <step start="1515063629621" stop="1515063629621" status="passed">
                    <name>logStep[Map ad verification started]</name>
                    <title>Map ad verification started</title>
                    <attachments/>
                    <steps/>
                </step>
                <step start="1515063679119" stop="1515063679119" status="passed">
                    <name>logStep[Module found  and navigating to detaile page]</name>
                    <title>Module found  and navigating to detaile page</title>
                    <attachments/>
                    <steps/>
                </step>
                <step start="1515063698507" stop="1515063698507" status="passed">
                    <name>logStep[Navigated to detaile page]</name>
                    <title>Navigated to detaile page</title>
                    <attachments/>
                    <steps/>
                </step>
            </steps>
            <attachments/>
            <labels>
                <label name="host" value="Macminis-Mac-mini.local"/>
                <label name="thread" value="2415@Macminis-Mac-mini.local.main(1)"/>
            </labels>
        </test-case>
        <test-case start="1515063713739" stop="1515063798537" status="passed">
            <name>NewsPageAd_Validations</name>
            <steps>
                <step start="1515063713740" stop="1515063713740" status="passed">
                    <name>logStep[News ad verification started]</name>
                    <title>News ad verification started</title>
                    <attachments/>
                    <steps/>
                </step>
                <step start="1515063768179" stop="1515063768179" status="passed">
                    <name>logStep[Module found  and navigating to detaile page]</name>
                    <title>Module found  and navigating to detaile page</title>
                    <attachments/>
                    <steps/>
                </step>
                <step start="1515063777817" stop="1515063777817" status="passed">
                    <name>logStep[Navigated to detaile page]</name>
                    <title>Navigated to detaile page</title>
                    <attachments/>
                    <steps/>
                </step>
            </steps>
            <attachments/>
            <labels>
                <label name="host" value="Macminis-Mac-mini.local"/>
                <label name="thread" value="2415@Macminis-Mac-mini.local.main(1)"/>
            </labels>
        </test-case>
        <test-case start="1515063713739" stop="1515063798537" status="passed">
            <name>NewsPageAd_Validations</name>
            <steps>
                <step start="1515063713740" stop="1515063713740" status="passed">
                    <name>logStep[News ad verification started]</name>
                    <title>News ad verification started</title>
                    <attachments/>
                    <steps/>
                </step>
                <step start="1515063768179" stop="1515063768179" status="passed">
                    <name>logStep[Module found  and navigating to detaile page]</name>
                    <title>Module found  and navigating to detaile page</title>
                    <attachments/>
                    <steps/>
                </step>
                <step start="1515063777817" stop="1515063777817" status="passed">
                    <name>logStep[Navigated to detaile page]</name>
                    <title>Navigated to detaile page</title>
                    <attachments/>
                    <steps/>
                </step>
            </steps>
            <attachments/>
            <labels>
                <label name="host" value="Macminis-Mac-mini.local"/>
                <label name="thread" value="2415@Macminis-Mac-mini.local.main(1)"/>
            </labels>
        </test-case>
        <test-case start="1515063798827" stop="1515064241410" status="passed">
            <name>HealthPage_cold_Flu_Ad_Validations</name>
            <steps>
                <step start="1515063856386" stop="1515063856386" status="passed">
                    <name>logStep[Bridgeton, New Jersey address Selected]</name>
                    <title>Bridgeton, New Jersey address Selected</title>
                    <attachments/>
                    <steps/>
                </step>
                <step start="1515064187069" stop="1515064187069" status="passed">
                    <name>logStep[Module found  and navigating to detaile page]</name>
                    <title>Module found  and navigating to detaile page</title>
                    <attachments/>
                    <steps/>
                </step>
                <step start="1515064208488" stop="1515064208488" status="passed">
                    <name>logStep[Navigated to detaile page]</name>
                    <title>Navigated to detaile page</title>
                    <attachments/>
                    <steps/>
                </step>
                <step start="1515064230523" stop="1515064230523" status="passed">
                    <name>logStep[Ad present on ExtendedLSModule(ColdAndFlu)page]</name>
                    <title>Ad present on ExtendedLSModule(ColdAndFlu)page</title>
                    <attachments/>
                    <steps/>
                </step>
                <step start="1515064230525" stop="1515064230525" status="passed">
                    <name>logStep[Ad sizes are matched]</name>
                    <title>Ad sizes are matched</title>
                    <attachments/>
                    <steps/>
                </step>
            </steps>
            <attachments/>
            <labels>
                <label name="host" value="Macminis-Mac-mini.local"/>
                <label name="thread" value="2415@Macminis-Mac-mini.local.main(1)"/>
            </labels>
        </test-case>
        <test-case start="1515063798827" stop="1515064241410" status="passed">
            <name>HealthPage_cold_Flu_Ad_Validations</name>
            <steps>
                <step start="1515063856386" stop="1515063856386" status="passed">
                    <name>logStep[Bridgeton, New Jersey address Selected]</name>
                    <title>Bridgeton, New Jersey address Selected</title>
                    <attachments/>
                    <steps/>
                </step>
                <step start="1515064187069" stop="1515064187069" status="passed">
                    <name>logStep[Module found  and navigating to detaile page]</name>
                    <title>Module found  and navigating to detaile page</title>
                    <attachments/>
                    <steps/>
                </step>
                <step start="1515064208488" stop="1515064208488" status="passed">
                    <name>logStep[Navigated to detaile page]</name>
                    <title>Navigated to detaile page</title>
                    <attachments/>
                    <steps/>
                </step>
                <step start="1515064230523" stop="1515064230523" status="passed">
                    <name>logStep[Ad present on ExtendedLSModule(ColdAndFlu)page]</name>
                    <title>Ad present on ExtendedLSModule(ColdAndFlu)page</title>
                    <attachments/>
                    <steps/>
                </step>
                <step start="1515064230525" stop="1515064230525" status="passed">
                    <name>logStep[Ad sizes are matched]</name>
                    <title>Ad sizes are matched</title>
                    <attachments/>
                    <steps/>
                </step>
            </steps>
            <attachments/>
            <labels>
                <label name="host" value="Macminis-Mac-mini.local"/>
                <label name="thread" value="2415@Macminis-Mac-mini.local.main(1)"/>
            </labels>
        </test-case>
        <test-case start="1515064241711" stop="1515064326955" status="failed">
            <name>HealthPage_Allergy_Ad_Validations</name>
            <failure>
                <message>AssertionError: Ad preset on LSModule(Allergy) Module,  but sizes are not matched</message>
                <stack-trace>java.lang.AssertionError: Ad preset on LSModule(Allergy) Module,  but sizes are not matched
	at org.testng.Assert.fail(Assert.java:94)
	at com.Functions.Functions.Verify_Adpresenton_extendedPages(Functions.java:3309)
	at com.Functions.ExecutableFunctions.Function_extened_LSModule_ads(ExecutableFunctions.java:381)
	at com.Functions.AdMonitor_run.HealthPage_Allergy_Ad_Validations(AdMonitor_run.java:89)
	at sun.reflect.NativeMethodAccessorImpl.invoke0(Native Method)
	at sun.reflect.NativeMethodAccessorImpl.invoke(NativeMethodAccessorImpl.java:62)
	at sun.reflect.DelegatingMethodAccessorImpl.invoke(DelegatingMethodAccessorImpl.java:43)
	at java.lang.reflect.Method.invoke(Method.java:498)
	at org.testng.internal.MethodInvocationHelper.invokeMethod(MethodInvocationHelper.java:86)
	at org.testng.internal.Invoker.invokeMethod(Invoker.java:643)
	at org.testng.internal.Invoker.invokeTestMethod(Invoker.java:820)
	at org.testng.internal.Invoker.invokeTestMethods(Invoker.java:1128)
	at org.testng.internal.TestMethodWorker.invokeTestMethods(TestMethodWorker.java:129)
	at org.testng.internal.TestMethodWorker.run(TestMethodWorker.java:112)
	at org.testng.TestRunner.privateRun(TestRunner.java:782)
	at org.testng.TestRunner.run(TestRunner.java:632)
	at org.testng.SuiteRunner.runTest(SuiteRunner.java:366)
	at org.testng.SuiteRunner.runSequentially(SuiteRunner.java:361)
	at org.testng.SuiteRunner.privateRun(SuiteRunner.java:319)
	at org.testng.SuiteRunner.run(SuiteRunner.java:268)
	at org.testng.SuiteRunnerWorker.runSuite(SuiteRunnerWorker.java:52)
	at org.testng.SuiteRunnerWorker.run(SuiteRunnerWorker.java:86)
	at org.testng.TestNG.runSuitesSequentially(TestNG.java:1244)
	at org.testng.TestNG.runSuitesLocally(TestNG.java:1169)
	at org.testng.TestNG.run(TestNG.java:1064)
	at org.testng.remote.AbstractRemoteTestNG.run(AbstractRemoteTestNG.java:114)
	at org.testng.remote.RemoteTestNG.initAndRun(RemoteTestNG.java:251)
	at org.testng.remote.RemoteTestNG.main(RemoteTestNG.java:77)
</stack-trace>
            </failure>
            <steps>
                <step start="1515064275004" stop="1515064275004" status="passed">
                    <name>logStep[Module found  and navigating to detaile page]</name>
                    <title>Module found  and navigating to detaile page</title>
                </step>
                <step start="1515064296105" stop="1515064296105" status="passed">
                    <name>logStep[Navigated to detaile page]</name>
                    <title>Navigated to detaile page</title>
                </step>
                <step start="1515064326217" stop="1515064326217" status="passed">
                    <name>logStep[Ad present but sizes are not matched]</name>
                    <title>Ad present but sizes are not matched</title>
                </step>
            </steps>
            <attachments/>
            <labels>
                <label name="host" value="Macminis-Mac-mini.local"/>
                <label name="thread" value="2415@Macminis-Mac-mini.local.main(1)"/>
            </labels>
        </test-case>
        <test-case start="1515064241711" stop="1515064326955" status="failed">
            <name>HealthPage_Allergy_Ad_Validations</name>
            <failure>
                <message>AssertionError: Ad preset on LSModule(Allergy) Module,  but sizes are not matched</message>
                <stack-trace>java.lang.AssertionError: Ad preset on LSModule(Allergy) Module,  but sizes are not matched
	at org.testng.Assert.fail(Assert.java:94)
	at com.Functions.Functions.Verify_Adpresenton_extendedPages(Functions.java:3309)
	at com.Functions.ExecutableFunctions.Function_extened_LSModule_ads(ExecutableFunctions.java:381)
	at com.Functions.AdMonitor_run.HealthPage_Allergy_Ad_Validations(AdMonitor_run.java:89)
	at sun.reflect.NativeMethodAccessorImpl.invoke0(Native Method)
	at sun.reflect.NativeMethodAccessorImpl.invoke(NativeMethodAccessorImpl.java:62)
	at sun.reflect.DelegatingMethodAccessorImpl.invoke(DelegatingMethodAccessorImpl.java:43)
	at java.lang.reflect.Method.invoke(Method.java:498)
	at org.testng.internal.MethodInvocationHelper.invokeMethod(MethodInvocationHelper.java:86)
	at org.testng.internal.Invoker.invokeMethod(Invoker.java:643)
	at org.testng.internal.Invoker.invokeTestMethod(Invoker.java:820)
	at org.testng.internal.Invoker.invokeTestMethods(Invoker.java:1128)
	at org.testng.internal.TestMethodWorker.invokeTestMethods(TestMethodWorker.java:129)
	at org.testng.internal.TestMethodWorker.run(TestMethodWorker.java:112)
	at org.testng.TestRunner.privateRun(TestRunner.java:782)
	at org.testng.TestRunner.run(TestRunner.java:632)
	at org.testng.SuiteRunner.runTest(SuiteRunner.java:366)
	at org.testng.SuiteRunner.runSequentially(SuiteRunner.java:361)
	at org.testng.SuiteRunner.privateRun(SuiteRunner.java:319)
	at org.testng.SuiteRunner.run(SuiteRunner.java:268)
	at org.testng.SuiteRunnerWorker.runSuite(SuiteRunnerWorker.java:52)
	at org.testng.SuiteRunnerWorker.run(SuiteRunnerWorker.java:86)
	at org.testng.TestNG.runSuitesSequentially(TestNG.java:1244)
	at org.testng.TestNG.runSuitesLocally(TestNG.java:1169)
	at org.testng.TestNG.run(TestNG.java:1064)
	at org.testng.remote.AbstractRemoteTestNG.run(AbstractRemoteTestNG.java:114)
	at org.testng.remote.RemoteTestNG.initAndRun(RemoteTestNG.java:251)
	at org.testng.remote.RemoteTestNG.main(RemoteTestNG.java:77)
</stack-trace>
            </failure>
            <steps>
                <step start="1515064275004" stop="1515064275004" status="passed">
                    <name>logStep[Module found  and navigating to detaile page]</name>
                    <title>Module found  and navigating to detaile page</title>
                </step>
                <step start="1515064296105" stop="1515064296105" status="passed">
                    <name>logStep[Navigated to detaile page]</name>
                    <title>Navigated to detaile page</title>
                </step>
                <step start="1515064326217" stop="1515064326217" status="passed">
                    <name>logStep[Ad present but sizes are not matched]</name>
                    <title>Ad present but sizes are not matched</title>
                </step>
            </steps>
            <attachments/>
            <labels>
                <label name="host" value="Macminis-Mac-mini.local"/>
                <label name="thread" value="2415@Macminis-Mac-mini.local.main(1)"/>
            </labels>
        </test-case>
        <test-case start="1515064326962" stop="1515064403634" status="passed">
            <name>HealthPage_Ski_Ad_Validations</name>
            <steps>
                <step start="1515064359872" stop="1515064359872" status="passed">
                    <name>logStep[Module found  and navigating to detaile page]</name>
                    <title>Module found  and navigating to detaile page</title>
                    <attachments/>
                    <steps/>
                </step>
                <step start="1515064380650" stop="1515064380650" status="passed">
                    <name>logStep[Navigated to detaile page]</name>
                    <title>Navigated to detaile page</title>
                    <attachments/>
                    <steps/>
                </step>
                <step start="1515064390846" stop="1515064390846" status="passed">
                    <name>logStep[Ad present on ExtendedLSModule(Ski)page]</name>
                    <title>Ad present on ExtendedLSModule(Ski)page</title>
                    <attachments/>
                    <steps/>
                </step>
                <step start="1515064390846" stop="1515064390846" status="passed">
                    <name>logStep[Ad sizes are matched]</name>
                    <title>Ad sizes are matched</title>
                    <attachments/>
                    <steps/>
                </step>
            </steps>
            <attachments/>
            <labels>
                <label name="host" value="Macminis-Mac-mini.local"/>
                <label name="thread" value="2415@Macminis-Mac-mini.local.main(1)"/>
            </labels>
        </test-case>
        <test-case start="1515064326962" stop="1515064403634" status="passed">
            <name>HealthPage_Ski_Ad_Validations</name>
            <steps>
                <step start="1515064359872" stop="1515064359872" status="passed">
                    <name>logStep[Module found  and navigating to detaile page]</name>
                    <title>Module found  and navigating to detaile page</title>
                    <attachments/>
                    <steps/>
                </step>
                <step start="1515064380650" stop="1515064380650" status="passed">
                    <name>logStep[Navigated to detaile page]</name>
                    <title>Navigated to detaile page</title>
                    <attachments/>
                    <steps/>
                </step>
                <step start="1515064390846" stop="1515064390846" status="passed">
                    <name>logStep[Ad present on ExtendedLSModule(Ski)page]</name>
                    <title>Ad present on ExtendedLSModule(Ski)page</title>
                    <attachments/>
                    <steps/>
                </step>
                <step start="1515064390846" stop="1515064390846" status="passed">
                    <name>logStep[Ad sizes are matched]</name>
                    <title>Ad sizes are matched</title>
                    <attachments/>
                    <steps/>
                </step>
            </steps>
            <attachments/>
            <labels>
                <label name="host" value="Macminis-Mac-mini.local"/>
                <label name="thread" value="2415@Macminis-Mac-mini.local.main(1)"/>
            </labels>
        </test-case>
        <test-case start="1515064403966" stop="1515064553986" status="passed">
            <name>HealthPage_Running_Ad_Validations</name>
            <steps>
                <step start="1515064436415" stop="1515064436415" status="passed">
                    <name>logStep[Module found  and navigating to detaile page]</name>
                    <title>Module found  and navigating to detaile page</title>
                    <attachments/>
                    <steps/>
                </step>
                <step start="1515064507545" stop="1515064507545" status="passed">
                    <name>logStep[Navigated to detaile page]</name>
                    <title>Navigated to detaile page</title>
                    <attachments/>
                    <steps/>
                </step>
                <step start="1515064545318" stop="1515064545318" status="passed">
                    <name>logStep[Ad present on ExtendedLSModule(Running)page]</name>
                    <title>Ad present on ExtendedLSModule(Running)page</title>
                    <attachments/>
                    <steps/>
                </step>
                <step start="1515064545318" stop="1515064545318" status="passed">
                    <name>logStep[Ad sizes are matched]</name>
                    <title>Ad sizes are matched</title>
                    <attachments/>
                    <steps/>
                </step>
            </steps>
            <attachments/>
            <labels>
                <label name="host" value="Macminis-Mac-mini.local"/>
                <label name="thread" value="2415@Macminis-Mac-mini.local.main(1)"/>
            </labels>
        </test-case>
        <test-case start="1515064403966" stop="1515064553986" status="passed">
            <name>HealthPage_Running_Ad_Validations</name>
            <steps>
                <step start="1515064436415" stop="1515064436415" status="passed">
                    <name>logStep[Module found  and navigating to detaile page]</name>
                    <title>Module found  and navigating to detaile page</title>
                    <attachments/>
                    <steps/>
                </step>
                <step start="1515064507545" stop="1515064507545" status="passed">
                    <name>logStep[Navigated to detaile page]</name>
                    <title>Navigated to detaile page</title>
                    <attachments/>
                    <steps/>
                </step>
                <step start="1515064545318" stop="1515064545318" status="passed">
                    <name>logStep[Ad present on ExtendedLSModule(Running)page]</name>
                    <title>Ad present on ExtendedLSModule(Running)page</title>
                    <attachments/>
                    <steps/>
                </step>
                <step start="1515064545318" stop="1515064545318" status="passed">
                    <name>logStep[Ad sizes are matched]</name>
                    <title>Ad sizes are matched</title>
                    <attachments/>
                    <steps/>
                </step>
            </steps>
            <attachments/>
            <labels>
                <label name="host" value="Macminis-Mac-mini.local"/>
                <label name="thread" value="2415@Macminis-Mac-mini.local.main(1)"/>
            </labels>
        </test-case>
        <test-case start="1515064554214" stop="1515064623774" status="failed">
            <name>HealthPage_Boat_Beach_Ad_Validations</name>
            <failure>
                <message>AssertionError: Ad not present on the LSModule(Boat&amp;Beach) detaile page</message>
                <stack-trace>java.lang.AssertionError: Ad not present on the LSModule(Boat&amp;Beach) detaile page
	at org.testng.Assert.fail(Assert.java:94)
	at com.Functions.Functions.Verify_Adpresenton_extendedPages(Functions.java:3208)
	at com.Functions.ExecutableFunctions.Function_extened_LSModule_ads(ExecutableFunctions.java:381)
	at com.Functions.AdMonitor_run.HealthPage_Boat_Beach_Ad_Validations(AdMonitor_run.java:104)
	at sun.reflect.NativeMethodAccessorImpl.invoke0(Native Method)
	at sun.reflect.NativeMethodAccessorImpl.invoke(NativeMethodAccessorImpl.java:62)
	at sun.reflect.DelegatingMethodAccessorImpl.invoke(DelegatingMethodAccessorImpl.java:43)
	at java.lang.reflect.Method.invoke(Method.java:498)
	at org.testng.internal.MethodInvocationHelper.invokeMethod(MethodInvocationHelper.java:86)
	at org.testng.internal.Invoker.invokeMethod(Invoker.java:643)
	at org.testng.internal.Invoker.invokeTestMethod(Invoker.java:820)
	at org.testng.internal.Invoker.invokeTestMethods(Invoker.java:1128)
	at org.testng.internal.TestMethodWorker.invokeTestMethods(TestMethodWorker.java:129)
	at org.testng.internal.TestMethodWorker.run(TestMethodWorker.java:112)
	at org.testng.TestRunner.privateRun(TestRunner.java:782)
	at org.testng.TestRunner.run(TestRunner.java:632)
	at org.testng.SuiteRunner.runTest(SuiteRunner.java:366)
	at org.testng.SuiteRunner.runSequentially(SuiteRunner.java:361)
	at org.testng.SuiteRunner.privateRun(SuiteRunner.java:319)
	at org.testng.SuiteRunner.run(SuiteRunner.java:268)
	at org.testng.SuiteRunnerWorker.runSuite(SuiteRunnerWorker.java:52)
	at org.testng.SuiteRunnerWorker.run(SuiteRunnerWorker.java:86)
	at org.testng.TestNG.runSuitesSequentially(TestNG.java:1244)
	at org.testng.TestNG.runSuitesLocally(TestNG.java:1169)
	at org.testng.TestNG.run(TestNG.java:1064)
	at org.testng.remote.AbstractRemoteTestNG.run(AbstractRemoteTestNG.java:114)
	at org.testng.remote.RemoteTestNG.initAndRun(RemoteTestNG.java:251)
	at org.testng.remote.RemoteTestNG.main(RemoteTestNG.java:77)
</stack-trace>
            </failure>
            <steps>
                <step start="1515064587334" stop="1515064587335" status="passed">
                    <name>logStep[Module found  and navigating to detaile page]</name>
                    <title>Module found  and navigating to detaile page</title>
                </step>
                <step start="1515064608466" stop="1515064608466" status="passed">
                    <name>logStep[Navigated to detaile page]</name>
                    <title>Navigated to detaile page</title>
                </step>
            </steps>
            <attachments/>
            <labels>
                <label name="host" value="Macminis-Mac-mini.local"/>
                <label name="thread" value="2415@Macminis-Mac-mini.local.main(1)"/>
            </labels>
        </test-case>
        <test-case start="1515064554214" stop="1515064623774" status="failed">
            <name>HealthPage_Boat_Beach_Ad_Validations</name>
            <failure>
                <message>AssertionError: Ad not present on the LSModule(Boat&amp;Beach) detaile page</message>
                <stack-trace>java.lang.AssertionError: Ad not present on the LSModule(Boat&amp;Beach) detaile page
	at org.testng.Assert.fail(Assert.java:94)
	at com.Functions.Functions.Verify_Adpresenton_extendedPages(Functions.java:3208)
	at com.Functions.ExecutableFunctions.Function_extened_LSModule_ads(ExecutableFunctions.java:381)
	at com.Functions.AdMonitor_run.HealthPage_Boat_Beach_Ad_Validations(AdMonitor_run.java:104)
	at sun.reflect.NativeMethodAccessorImpl.invoke0(Native Method)
	at sun.reflect.NativeMethodAccessorImpl.invoke(NativeMethodAccessorImpl.java:62)
	at sun.reflect.DelegatingMethodAccessorImpl.invoke(DelegatingMethodAccessorImpl.java:43)
	at java.lang.reflect.Method.invoke(Method.java:498)
	at org.testng.internal.MethodInvocationHelper.invokeMethod(MethodInvocationHelper.java:86)
	at org.testng.internal.Invoker.invokeMethod(Invoker.java:643)
	at org.testng.internal.Invoker.invokeTestMethod(Invoker.java:820)
	at org.testng.internal.Invoker.invokeTestMethods(Invoker.java:1128)
	at org.testng.internal.TestMethodWorker.invokeTestMethods(TestMethodWorker.java:129)
	at org.testng.internal.TestMethodWorker.run(TestMethodWorker.java:112)
	at org.testng.TestRunner.privateRun(TestRunner.java:782)
	at org.testng.TestRunner.run(TestRunner.java:632)
	at org.testng.SuiteRunner.runTest(SuiteRunner.java:366)
	at org.testng.SuiteRunner.runSequentially(SuiteRunner.java:361)
	at org.testng.SuiteRunner.privateRun(SuiteRunner.java:319)
	at org.testng.SuiteRunner.run(SuiteRunner.java:268)
	at org.testng.SuiteRunnerWorker.runSuite(SuiteRunnerWorker.java:52)
	at org.testng.SuiteRunnerWorker.run(SuiteRunnerWorker.java:86)
	at org.testng.TestNG.runSuitesSequentially(TestNG.java:1244)
	at org.testng.TestNG.runSuitesLocally(TestNG.java:1169)
	at org.testng.TestNG.run(TestNG.java:1064)
	at org.testng.remote.AbstractRemoteTestNG.run(AbstractRemoteTestNG.java:114)
	at org.testng.remote.RemoteTestNG.initAndRun(RemoteTestNG.java:251)
	at org.testng.remote.RemoteTestNG.main(RemoteTestNG.java:77)
</stack-trace>
            </failure>
            <steps>
                <step start="1515064587334" stop="1515064587335" status="passed">
                    <name>logStep[Module found  and navigating to detaile page]</name>
                    <title>Module found  and navigating to detaile page</title>
                </step>
                <step start="1515064608466" stop="1515064608466" status="passed">
                    <name>logStep[Navigated to detaile page]</name>
                    <title>Navigated to detaile page</title>
                </step>
            </steps>
            <attachments/>
            <labels>
                <label name="host" value="Macminis-Mac-mini.local"/>
                <label name="thread" value="2415@Macminis-Mac-mini.local.main(1)"/>
            </labels>
        </test-case>
        <test-case start="1515064623781" stop="1515064643350" status="broken">
            <name>NativAd_Validations</name>
            <failure>
                <message>NoSuchElementException: An element could not be located on the page using the given search parameters. (WARNING: The server did not provide any stacktrace information)
Command duration or timeout: 11.37 seconds
For documentation on this error, please visit: http://seleniumhq.org/exceptions/no_such_element.html
Build info: version: '2.51.0', revision: '1af067dbcaedd7d2ab9af5151fc471d363d97193', time: '2016-02-05 11:20:57'
System info: host: 'Macminis-Mac-mini.local', ip: '192.168.1.24', os.name: 'Mac OS X', os.arch: 'x86_64', os.version: '10.13.2', java.version: '1.8.0_151'
Driver info: io.appium.java_client.ios.IOSDriver
Capabilities [{appPackage=com.weather.TWC, noReset=true, clearSystemFiles=true, deviceName==iPhone (11.0.2) [065f96d70ace738cc0afb7bd7ca6fcb1ae716935], platform=MAC, appium-version=1.6.3, newCommandTimeout=100000.0, platformVersion=10.1.1, webStorageEnabled=false, automationName=XCUITest, browserName=, takesScreenshot=true, javascriptEnabled=true, platformName=iOS, udid=065f96d70ace738cc0afb7bd7ca6fcb1ae716935, app=/Users/macmini/eclipse-workspace/iOS-arms/Build/v9.4.1-int-423947.ipa, networkConnectionEnabled=false, bundleId=com.weather.TWC, databaseEnabled=false, autoLaunch=true, forceIphone=true, locationContextEnabled=false, waitForAppScript=$.delay(5000); true, device=iPhone, autoAcceptAlerts=true}]
Session ID: 41536b71-044b-4cbd-94b6-ff2f202fecf0
*** Element info: {Using=xpath, value=//XCUIElementTypeButton[@name='topNav settings']}</message>
                <stack-trace>org.openqa.selenium.NoSuchElementException: An element could not be located on the page using the given search parameters. (WARNING: The server did not provide any stacktrace information)
Command duration or timeout: 11.37 seconds
For documentation on this error, please visit: http://seleniumhq.org/exceptions/no_such_element.html
Build info: version: '2.51.0', revision: '1af067dbcaedd7d2ab9af5151fc471d363d97193', time: '2016-02-05 11:20:57'
System info: host: 'Macminis-Mac-mini.local', ip: '192.168.1.24', os.name: 'Mac OS X', os.arch: 'x86_64', os.version: '10.13.2', java.version: '1.8.0_151'
Driver info: io.appium.java_client.ios.IOSDriver
Capabilities [{appPackage=com.weather.TWC, noReset=true, clearSystemFiles=true, deviceName==iPhone (11.0.2) [065f96d70ace738cc0afb7bd7ca6fcb1ae716935], platform=MAC, appium-version=1.6.3, newCommandTimeout=100000.0, platformVersion=10.1.1, webStorageEnabled=false, automationName=XCUITest, browserName=, takesScreenshot=true, javascriptEnabled=true, platformName=iOS, udid=065f96d70ace738cc0afb7bd7ca6fcb1ae716935, app=/Users/macmini/eclipse-workspace/iOS-arms/Build/v9.4.1-int-423947.ipa, networkConnectionEnabled=false, bundleId=com.weather.TWC, databaseEnabled=false, autoLaunch=true, forceIphone=true, locationContextEnabled=false, waitForAppScript=$.delay(5000); true, device=iPhone, autoAcceptAlerts=true}]
Session ID: 41536b71-044b-4cbd-94b6-ff2f202fecf0
*** Element info: {Using=xpath, value=//XCUIElementTypeButton[@name='topNav settings']}
	at sun.reflect.GeneratedConstructorAccessor79.newInstance(Unknown Source)
	at sun.reflect.DelegatingConstructorAccessorImpl.newInstance(DelegatingConstructorAccessorImpl.java:45)
	at java.lang.reflect.Constructor.newInstance(Constructor.java:423)
	at org.openqa.selenium.remote.ErrorHandler.createThrowable(ErrorHandler.java:206)
	at org.openqa.selenium.remote.ErrorHandler.throwIfResponseFailed(ErrorHandler.java:158)
	at org.openqa.selenium.remote.RemoteWebDriver.execute(RemoteWebDriver.java:678)
	at io.appium.java_client.DefaultGenericMobileDriver.execute(DefaultGenericMobileDriver.java:40)
	at io.appium.java_client.AppiumDriver.execute(AppiumDriver.java:1)
	at io.appium.java_client.ios.IOSDriver.execute(IOSDriver.java:1)
	at org.openqa.selenium.remote.RemoteWebDriver.findElement(RemoteWebDriver.java:363)
	at io.appium.java_client.DefaultGenericMobileDriver.findElement(DefaultGenericMobileDriver.java:56)
	at io.appium.java_client.AppiumDriver.findElement(AppiumDriver.java:1)
	at io.appium.java_client.ios.IOSDriver.findElement(IOSDriver.java:1)
	at org.openqa.selenium.remote.RemoteWebDriver.findElementByXPath(RemoteWebDriver.java:500)
	at io.appium.java_client.DefaultGenericMobileDriver.findElementByXPath(DefaultGenericMobileDriver.java:134)
	at io.appium.java_client.AppiumDriver.findElementByXPath(AppiumDriver.java:1)
	at io.appium.java_client.ios.IOSDriver.findElementByXPath(IOSDriver.java:1)
	at com.Functions.Functions.Setappinto_TestMode(Functions.java:1090)
	at com.Functions.AdMonitor_run.NativAd_Validations(AdMonitor_run.java:109)
	at sun.reflect.NativeMethodAccessorImpl.invoke0(Native Method)
	at sun.reflect.NativeMethodAccessorImpl.invoke(NativeMethodAccessorImpl.java:62)
	at sun.reflect.DelegatingMethodAccessorImpl.invoke(DelegatingMethodAccessorImpl.java:43)
	at java.lang.reflect.Method.invoke(Method.java:498)
	at org.testng.internal.MethodInvocationHelper.invokeMethod(MethodInvocationHelper.java:86)
	at org.testng.internal.Invoker.invokeMethod(Invoker.java:643)
	at org.testng.internal.Invoker.invokeTestMethod(Invoker.java:820)
	at org.testng.internal.Invoker.invokeTestMethods(Invoker.java:1128)
	at org.testng.internal.TestMethodWorker.invokeTestMethods(TestMethodWorker.java:129)
	at org.testng.internal.TestMethodWorker.run(TestMethodWorker.java:112)
	at org.testng.TestRunner.privateRun(TestRunner.java:782)
	at org.testng.TestRunner.run(TestRunner.java:632)
	at org.testng.SuiteRunner.runTest(SuiteRunner.java:366)
	at org.testng.SuiteRunner.runSequentially(SuiteRunner.java:361)
	at org.testng.SuiteRunner.privateRun(SuiteRunner.java:319)
	at org.testng.SuiteRunner.run(SuiteRunner.java:268)
	at org.testng.SuiteRunnerWorker.runSuite(SuiteRunnerWorker.java:52)
	at org.testng.SuiteRunnerWorker.run(SuiteRunnerWorker.java:86)
	at org.testng.TestNG.runSuitesSequentially(TestNG.java:1244)
	at org.testng.TestNG.runSuitesLocally(TestNG.java:1169)
	at org.testng.TestNG.run(TestNG.java:1064)
	at org.testng.remote.AbstractRemoteTestNG.run(AbstractRemoteTestNG.java:114)
	at org.testng.remote.RemoteTestNG.initAndRun(RemoteTestNG.java:251)
	at org.testng.remote.RemoteTestNG.main(RemoteTestNG.java:77)
</stack-trace>
            </failure>
            <steps>
                <step start="1515064623782" stop="1515064623782" status="passed">
                    <name>logStep[Verify bb ad call in Test mode]</name>
                    <title>Verify bb ad call in Test mode</title>
                </step>
            </steps>
            <attachments/>
            <labels>
                <label name="host" value="Macminis-Mac-mini.local"/>
                <label name="thread" value="2415@Macminis-Mac-mini.local.main(1)"/>
            </labels>
        </test-case>
        <test-case start="1515064623781" stop="1515064643350" status="broken">
            <name>NativAd_Validations</name>
            <failure>
                <message>NoSuchElementException: An element could not be located on the page using the given search parameters. (WARNING: The server did not provide any stacktrace information)
Command duration or timeout: 11.37 seconds
For documentation on this error, please visit: http://seleniumhq.org/exceptions/no_such_element.html
Build info: version: '2.51.0', revision: '1af067dbcaedd7d2ab9af5151fc471d363d97193', time: '2016-02-05 11:20:57'
System info: host: 'Macminis-Mac-mini.local', ip: '192.168.1.24', os.name: 'Mac OS X', os.arch: 'x86_64', os.version: '10.13.2', java.version: '1.8.0_151'
Driver info: io.appium.java_client.ios.IOSDriver
Capabilities [{appPackage=com.weather.TWC, noReset=true, clearSystemFiles=true, deviceName==iPhone (11.0.2) [065f96d70ace738cc0afb7bd7ca6fcb1ae716935], platform=MAC, appium-version=1.6.3, newCommandTimeout=100000.0, platformVersion=10.1.1, webStorageEnabled=false, automationName=XCUITest, browserName=, takesScreenshot=true, javascriptEnabled=true, platformName=iOS, udid=065f96d70ace738cc0afb7bd7ca6fcb1ae716935, app=/Users/macmini/eclipse-workspace/iOS-arms/Build/v9.4.1-int-423947.ipa, networkConnectionEnabled=false, bundleId=com.weather.TWC, databaseEnabled=false, autoLaunch=true, forceIphone=true, locationContextEnabled=false, waitForAppScript=$.delay(5000); true, device=iPhone, autoAcceptAlerts=true}]
Session ID: 41536b71-044b-4cbd-94b6-ff2f202fecf0
*** Element info: {Using=xpath, value=//XCUIElementTypeButton[@name='topNav settings']}</message>
                <stack-trace>org.openqa.selenium.NoSuchElementException: An element could not be located on the page using the given search parameters. (WARNING: The server did not provide any stacktrace information)
Command duration or timeout: 11.37 seconds
For documentation on this error, please visit: http://seleniumhq.org/exceptions/no_such_element.html
Build info: version: '2.51.0', revision: '1af067dbcaedd7d2ab9af5151fc471d363d97193', time: '2016-02-05 11:20:57'
System info: host: 'Macminis-Mac-mini.local', ip: '192.168.1.24', os.name: 'Mac OS X', os.arch: 'x86_64', os.version: '10.13.2', java.version: '1.8.0_151'
Driver info: io.appium.java_client.ios.IOSDriver
Capabilities [{appPackage=com.weather.TWC, noReset=true, clearSystemFiles=true, deviceName==iPhone (11.0.2) [065f96d70ace738cc0afb7bd7ca6fcb1ae716935], platform=MAC, appium-version=1.6.3, newCommandTimeout=100000.0, platformVersion=10.1.1, webStorageEnabled=false, automationName=XCUITest, browserName=, takesScreenshot=true, javascriptEnabled=true, platformName=iOS, udid=065f96d70ace738cc0afb7bd7ca6fcb1ae716935, app=/Users/macmini/eclipse-workspace/iOS-arms/Build/v9.4.1-int-423947.ipa, networkConnectionEnabled=false, bundleId=com.weather.TWC, databaseEnabled=false, autoLaunch=true, forceIphone=true, locationContextEnabled=false, waitForAppScript=$.delay(5000); true, device=iPhone, autoAcceptAlerts=true}]
Session ID: 41536b71-044b-4cbd-94b6-ff2f202fecf0
*** Element info: {Using=xpath, value=//XCUIElementTypeButton[@name='topNav settings']}
	at sun.reflect.GeneratedConstructorAccessor79.newInstance(Unknown Source)
	at sun.reflect.DelegatingConstructorAccessorImpl.newInstance(DelegatingConstructorAccessorImpl.java:45)
	at java.lang.reflect.Constructor.newInstance(Constructor.java:423)
	at org.openqa.selenium.remote.ErrorHandler.createThrowable(ErrorHandler.java:206)
	at org.openqa.selenium.remote.ErrorHandler.throwIfResponseFailed(ErrorHandler.java:158)
	at org.openqa.selenium.remote.RemoteWebDriver.execute(RemoteWebDriver.java:678)
	at io.appium.java_client.DefaultGenericMobileDriver.execute(DefaultGenericMobileDriver.java:40)
	at io.appium.java_client.AppiumDriver.execute(AppiumDriver.java:1)
	at io.appium.java_client.ios.IOSDriver.execute(IOSDriver.java:1)
	at org.openqa.selenium.remote.RemoteWebDriver.findElement(RemoteWebDriver.java:363)
	at io.appium.java_client.DefaultGenericMobileDriver.findElement(DefaultGenericMobileDriver.java:56)
	at io.appium.java_client.AppiumDriver.findElement(AppiumDriver.java:1)
	at io.appium.java_client.ios.IOSDriver.findElement(IOSDriver.java:1)
	at org.openqa.selenium.remote.RemoteWebDriver.findElementByXPath(RemoteWebDriver.java:500)
	at io.appium.java_client.DefaultGenericMobileDriver.findElementByXPath(DefaultGenericMobileDriver.java:134)
	at io.appium.java_client.AppiumDriver.findElementByXPath(AppiumDriver.java:1)
	at io.appium.java_client.ios.IOSDriver.findElementByXPath(IOSDriver.java:1)
	at com.Functions.Functions.Setappinto_TestMode(Functions.java:1090)
	at com.Functions.AdMonitor_run.NativAd_Validations(AdMonitor_run.java:109)
	at sun.reflect.NativeMethodAccessorImpl.invoke0(Native Method)
	at sun.reflect.NativeMethodAccessorImpl.invoke(NativeMethodAccessorImpl.java:62)
	at sun.reflect.DelegatingMethodAccessorImpl.invoke(DelegatingMethodAccessorImpl.java:43)
	at java.lang.reflect.Method.invoke(Method.java:498)
	at org.testng.internal.MethodInvocationHelper.invokeMethod(MethodInvocationHelper.java:86)
	at org.testng.internal.Invoker.invokeMethod(Invoker.java:643)
	at org.testng.internal.Invoker.invokeTestMethod(Invoker.java:820)
	at org.testng.internal.Invoker.invokeTestMethods(Invoker.java:1128)
	at org.testng.internal.TestMethodWorker.invokeTestMethods(TestMethodWorker.java:129)
	at org.testng.internal.TestMethodWorker.run(TestMethodWorker.java:112)
	at org.testng.TestRunner.privateRun(TestRunner.java:782)
	at org.testng.TestRunner.run(TestRunner.java:632)
	at org.testng.SuiteRunner.runTest(SuiteRunner.java:366)
	at org.testng.SuiteRunner.runSequentially(SuiteRunner.java:361)
	at org.testng.SuiteRunner.privateRun(SuiteRunner.java:319)
	at org.testng.SuiteRunner.run(SuiteRunner.java:268)
	at org.testng.SuiteRunnerWorker.runSuite(SuiteRunnerWorker.java:52)
	at org.testng.SuiteRunnerWorker.run(SuiteRunnerWorker.java:86)
	at org.testng.TestNG.runSuitesSequentially(TestNG.java:1244)
	at org.testng.TestNG.runSuitesLocally(TestNG.java:1169)
	at org.testng.TestNG.run(TestNG.java:1064)
	at org.testng.remote.AbstractRemoteTestNG.run(AbstractRemoteTestNG.java:114)
	at org.testng.remote.RemoteTestNG.initAndRun(RemoteTestNG.java:251)
	at org.testng.remote.RemoteTestNG.main(RemoteTestNG.java:77)
</stack-trace>
            </failure>
            <steps>
                <step start="1515064623782" stop="1515064623782" status="passed">
                    <name>logStep[Verify bb ad call in Test mode]</name>
                    <title>Verify bb ad call in Test mode</title>
                </step>
            </steps>
            <attachments/>
            <labels>
                <label name="host" value="Macminis-Mac-mini.local"/>
                <label name="thread" value="2415@Macminis-Mac-mini.local.main(1)"/>
            </labels>
        </test-case>
        <test-case start="1515064643353" stop="1515064973572" status="passed">
            <name>NativBB_Validations</name>
            <steps>
                <step start="1515064643354" stop="1515064643354" status="passed">
                    <name>logStep[Verify bb ad call in Test mode]</name>
                    <title>Verify bb ad call in Test mode</title>
                    <attachments/>
                    <steps/>
                </step>
                <step start="1515064900999" stop="1515064900999" status="passed">
                    <name>logStep[nativeBBad verification started]</name>
                    <title>nativeBBad verification started</title>
                    <attachments/>
                    <steps/>
                </step>
                <step start="1515064956783" stop="1515064956783" status="passed">
                    <name>logStep[Pond Eddy, New York address Selected]</name>
                    <title>Pond Eddy, New York address Selected</title>
                    <attachments/>
                    <steps/>
                </step>
                <step start="1515064972747" stop="1515064972747" status="passed">
                    <name>logStep[nativeBBad present on the screen]</name>
                    <title>nativeBBad present on the screen</title>
                    <attachments/>
                    <steps/>
                </step>
            </steps>
            <attachments/>
            <labels>
                <label name="host" value="Macminis-Mac-mini.local"/>
                <label name="thread" value="2415@Macminis-Mac-mini.local.main(1)"/>
            </labels>
        </test-case>
        <test-case start="1515064643353" stop="1515064973572" status="passed">
            <name>NativBB_Validations</name>
            <steps>
                <step start="1515064643354" stop="1515064643354" status="passed">
                    <name>logStep[Verify bb ad call in Test mode]</name>
                    <title>Verify bb ad call in Test mode</title>
                    <attachments/>
                    <steps/>
                </step>
                <step start="1515064900999" stop="1515064900999" status="passed">
                    <name>logStep[nativeBBad verification started]</name>
                    <title>nativeBBad verification started</title>
                    <attachments/>
                    <steps/>
                </step>
                <step start="1515064956783" stop="1515064956783" status="passed">
                    <name>logStep[Pond Eddy, New York address Selected]</name>
                    <title>Pond Eddy, New York address Selected</title>
                    <attachments/>
                    <steps/>
                </step>
                <step start="1515064972747" stop="1515064972747" status="passed">
                    <name>logStep[nativeBBad present on the screen]</name>
                    <title>nativeBBad present on the screen</title>
                    <attachments/>
                    <steps/>
                </step>
            </steps>
            <attachments/>
            <labels>
                <label name="host" value="Macminis-Mac-mini.local"/>
                <label name="thread" value="2415@Macminis-Mac-mini.local.main(1)"/>
            </labels>
        </test-case>
        <test-case start="1515064973577" stop="1515065046522" status="passed">
            <name>NativanimatedBB_Validations</name>
            <steps>
                <step start="1515064973578" stop="1515064973578" status="passed">
                    <name>logStep[native_animated_BBad verification started]</name>
                    <title>native_animated_BBad verification started</title>
                    <attachments/>
                    <steps/>
                </step>
                <step start="1515065029809" stop="1515065029809" status="passed">
                    <name>logStep[Rainbow City, Alabama address Selected]</name>
                    <title>Rainbow City, Alabama address Selected</title>
                    <attachments/>
                    <steps/>
                </step>
                <step start="1515065045954" stop="1515065045954" status="passed">
                    <name>logStep[native_animated_BBad present on the screen]</name>
                    <title>native_animated_BBad present on the screen</title>
                    <attachments/>
                    <steps/>
                </step>
            </steps>
            <attachments/>
            <labels>
                <label name="host" value="Macminis-Mac-mini.local"/>
                <label name="thread" value="2415@Macminis-Mac-mini.local.main(1)"/>
            </labels>
        </test-case>
        <test-case start="1515064973577" stop="1515065046522" status="passed">
            <name>NativanimatedBB_Validations</name>
            <steps>
                <step start="1515064973578" stop="1515064973578" status="passed">
                    <name>logStep[native_animated_BBad verification started]</name>
                    <title>native_animated_BBad verification started</title>
                    <attachments/>
                    <steps/>
                </step>
                <step start="1515065029809" stop="1515065029809" status="passed">
                    <name>logStep[Rainbow City, Alabama address Selected]</name>
                    <title>Rainbow City, Alabama address Selected</title>
                    <attachments/>
                    <steps/>
                </step>
                <step start="1515065045954" stop="1515065045954" status="passed">
                    <name>logStep[native_animated_BBad present on the screen]</name>
                    <title>native_animated_BBad present on the screen</title>
                    <attachments/>
                    <steps/>
                </step>
            </steps>
            <attachments/>
            <labels>
                <label name="host" value="Macminis-Mac-mini.local"/>
                <label name="thread" value="2415@Macminis-Mac-mini.local.main(1)"/>
            </labels>
        </test-case>
        <test-case start="1515065046528" stop="1515065114533" status="broken">
            <name>animatedBBAd_Validations</name>
            <failure>
                <message>RuntimeException: org.openqa.selenium.WebDriverException: An unknown server-side error occurred while processing the command. Original error: Error Domain=com.facebook.WebDriverAgent Code=1 "Timeout waiting for application to activate" UserInfo={NSLocalizedDescription=Timeout waiting for application to activate} (WARNING: The server did not provide any stacktrace information)
Command duration or timeout: 68.00 seconds
Build info: version: '2.51.0', revision: '1af067dbcaedd7d2ab9af5151fc471d363d97193', time: '2016-02-05 11:20:57'
System info: host: 'Macminis-Mac-mini.local', ip: '192.168.1.24', os.name: 'Mac OS X', os.arch: 'x86_64', os.version: '10.13.2', java.version: '1.8.0_151'
Driver info: io.appium.java_client.ios.IOSDriver
Capabilities [{appPackage=com.weather.TWC, noReset=true, clearSystemFiles=true, deviceName==iPhone (11.0.2) [065f96d70ace738cc0afb7bd7ca6fcb1ae716935], platform=MAC, appium-version=1.6.3, newCommandTimeout=100000.0, platformVersion=10.1.1, webStorageEnabled=false, automationName=XCUITest, browserName=, takesScreenshot=true, javascriptEnabled=true, platformName=iOS, udid=065f96d70ace738cc0afb7bd7ca6fcb1ae716935, app=/Users/macmini/eclipse-workspace/iOS-arms/Build/v9.4.1-int-423947.ipa, networkConnectionEnabled=false, bundleId=com.weather.TWC, databaseEnabled=false, autoLaunch=true, forceIphone=true, locationContextEnabled=false, waitForAppScript=$.delay(5000); true, device=iPhone, autoAcceptAlerts=true}]
Session ID: 41536b71-044b-4cbd-94b6-ff2f202fecf0</message>
                <stack-trace>java.lang.RuntimeException: org.openqa.selenium.WebDriverException: An unknown server-side error occurred while processing the command. Original error: Error Domain=com.facebook.WebDriverAgent Code=1 "Timeout waiting for application to activate" UserInfo={NSLocalizedDescription=Timeout waiting for application to activate} (WARNING: The server did not provide any stacktrace information)
Command duration or timeout: 68.00 seconds
Build info: version: '2.51.0', revision: '1af067dbcaedd7d2ab9af5151fc471d363d97193', time: '2016-02-05 11:20:57'
System info: host: 'Macminis-Mac-mini.local', ip: '192.168.1.24', os.name: 'Mac OS X', os.arch: 'x86_64', os.version: '10.13.2', java.version: '1.8.0_151'
Driver info: io.appium.java_client.ios.IOSDriver
Capabilities [{appPackage=com.weather.TWC, noReset=true, clearSystemFiles=true, deviceName==iPhone (11.0.2) [065f96d70ace738cc0afb7bd7ca6fcb1ae716935], platform=MAC, appium-version=1.6.3, newCommandTimeout=100000.0, platformVersion=10.1.1, webStorageEnabled=false, automationName=XCUITest, browserName=, takesScreenshot=true, javascriptEnabled=true, platformName=iOS, udid=065f96d70ace738cc0afb7bd7ca6fcb1ae716935, app=/Users/macmini/eclipse-workspace/iOS-arms/Build/v9.4.1-int-423947.ipa, networkConnectionEnabled=false, bundleId=com.weather.TWC, databaseEnabled=false, autoLaunch=true, forceIphone=true, locationContextEnabled=false, waitForAppScript=$.delay(5000); true, device=iPhone, autoAcceptAlerts=true}]
Session ID: 41536b71-044b-4cbd-94b6-ff2f202fecf0
	at com.Functions.Functions.put_Background_launcg(Functions.java:1067)
	at com.Functions.Functions.enternewAddress(Functions.java:894)
	at com.Functions.ExecutableFunctions.Function_validate_BB_ads(ExecutableFunctions.java:209)
	at com.Functions.AdMonitor_run.animatedBBAd_Validations(AdMonitor_run.java:134)
	at sun.reflect.NativeMethodAccessorImpl.invoke0(Native Method)
	at sun.reflect.NativeMethodAccessorImpl.invoke(NativeMethodAccessorImpl.java:62)
	at sun.reflect.DelegatingMethodAccessorImpl.invoke(DelegatingMethodAccessorImpl.java:43)
	at java.lang.reflect.Method.invoke(Method.java:498)
	at org.testng.internal.MethodInvocationHelper.invokeMethod(MethodInvocationHelper.java:86)
	at org.testng.internal.Invoker.invokeMethod(Invoker.java:643)
	at org.testng.internal.Invoker.invokeTestMethod(Invoker.java:820)
	at org.testng.internal.Invoker.invokeTestMethods(Invoker.java:1128)
	at org.testng.internal.TestMethodWorker.invokeTestMethods(TestMethodWorker.java:129)
	at org.testng.internal.TestMethodWorker.run(TestMethodWorker.java:112)
	at org.testng.TestRunner.privateRun(TestRunner.java:782)
	at org.testng.TestRunner.run(TestRunner.java:632)
	at org.testng.SuiteRunner.runTest(SuiteRunner.java:366)
	at org.testng.SuiteRunner.runSequentially(SuiteRunner.java:361)
	at org.testng.SuiteRunner.privateRun(SuiteRunner.java:319)
	at org.testng.SuiteRunner.run(SuiteRunner.java:268)
	at org.testng.SuiteRunnerWorker.runSuite(SuiteRunnerWorker.java:52)
	at org.testng.SuiteRunnerWorker.run(SuiteRunnerWorker.java:86)
	at org.testng.TestNG.runSuitesSequentially(TestNG.java:1244)
	at org.testng.TestNG.runSuitesLocally(TestNG.java:1169)
	at org.testng.TestNG.run(TestNG.java:1064)
	at org.testng.remote.AbstractRemoteTestNG.run(AbstractRemoteTestNG.java:114)
	at org.testng.remote.RemoteTestNG.initAndRun(RemoteTestNG.java:251)
	at org.testng.remote.RemoteTestNG.main(RemoteTestNG.java:77)
Caused by: org.openqa.selenium.WebDriverException: An unknown server-side error occurred while processing the command. Original error: Error Domain=com.facebook.WebDriverAgent Code=1 "Timeout waiting for application to activate" UserInfo={NSLocalizedDescription=Timeout waiting for application to activate} (WARNING: The server did not provide any stacktrace information)
Command duration or timeout: 68.00 seconds
Build info: version: '2.51.0', revision: '1af067dbcaedd7d2ab9af5151fc471d363d97193', time: '2016-02-05 11:20:57'
System info: host: 'Macminis-Mac-mini.local', ip: '192.168.1.24', os.name: 'Mac OS X', os.arch: 'x86_64', os.version: '10.13.2', java.version: '1.8.0_151'
Driver info: io.appium.java_client.ios.IOSDriver
Capabilities [{appPackage=com.weather.TWC, noReset=true, clearSystemFiles=true, deviceName==iPhone (11.0.2) [065f96d70ace738cc0afb7bd7ca6fcb1ae716935], platform=MAC, appium-version=1.6.3, newCommandTimeout=100000.0, platformVersion=10.1.1, webStorageEnabled=false, automationName=XCUITest, browserName=, takesScreenshot=true, javascriptEnabled=true, platformName=iOS, udid=065f96d70ace738cc0afb7bd7ca6fcb1ae716935, app=/Users/macmini/eclipse-workspace/iOS-arms/Build/v9.4.1-int-423947.ipa, networkConnectionEnabled=false, bundleId=com.weather.TWC, databaseEnabled=false, autoLaunch=true, forceIphone=true, locationContextEnabled=false, waitForAppScript=$.delay(5000); true, device=iPhone, autoAcceptAlerts=true}]
Session ID: 41536b71-044b-4cbd-94b6-ff2f202fecf0
	at sun.reflect.NativeConstructorAccessorImpl.newInstance0(Native Method)
	at sun.reflect.NativeConstructorAccessorImpl.newInstance(NativeConstructorAccessorImpl.java:62)
	at sun.reflect.DelegatingConstructorAccessorImpl.newInstance(DelegatingConstructorAccessorImpl.java:45)
	at java.lang.reflect.Constructor.newInstance(Constructor.java:423)
	at org.openqa.selenium.remote.ErrorHandler.createThrowable(ErrorHandler.java:206)
	at org.openqa.selenium.remote.ErrorHandler.throwIfResponseFailed(ErrorHandler.java:158)
	at org.openqa.selenium.remote.RemoteWebDriver.execute(RemoteWebDriver.java:678)
	at io.appium.java_client.DefaultGenericMobileDriver.execute(DefaultGenericMobileDriver.java:40)
	at io.appium.java_client.AppiumDriver.execute(AppiumDriver.java:1)
	at io.appium.java_client.ios.IOSDriver.execute(IOSDriver.java:1)
	at io.appium.java_client.AppiumDriver.runAppInBackground(AppiumDriver.java:290)
	at com.Functions.Functions.put_Background_launcg(Functions.java:1063)
	... 27 more
</stack-trace>
            </failure>
            <steps>
                <step start="1515065046528" stop="1515065046528" status="passed">
                    <name>logStep[AnimatedBBad verification started]</name>
                    <title>AnimatedBBad verification started</title>
                </step>
            </steps>
            <attachments/>
            <labels>
                <label name="host" value="Macminis-Mac-mini.local"/>
                <label name="thread" value="2415@Macminis-Mac-mini.local.main(1)"/>
            </labels>
        </test-case>
        <test-case start="1515065046528" stop="1515065114533" status="broken">
            <name>animatedBBAd_Validations</name>
            <failure>
                <message>RuntimeException: org.openqa.selenium.WebDriverException: An unknown server-side error occurred while processing the command. Original error: Error Domain=com.facebook.WebDriverAgent Code=1 "Timeout waiting for application to activate" UserInfo={NSLocalizedDescription=Timeout waiting for application to activate} (WARNING: The server did not provide any stacktrace information)
Command duration or timeout: 68.00 seconds
Build info: version: '2.51.0', revision: '1af067dbcaedd7d2ab9af5151fc471d363d97193', time: '2016-02-05 11:20:57'
System info: host: 'Macminis-Mac-mini.local', ip: '192.168.1.24', os.name: 'Mac OS X', os.arch: 'x86_64', os.version: '10.13.2', java.version: '1.8.0_151'
Driver info: io.appium.java_client.ios.IOSDriver
Capabilities [{appPackage=com.weather.TWC, noReset=true, clearSystemFiles=true, deviceName==iPhone (11.0.2) [065f96d70ace738cc0afb7bd7ca6fcb1ae716935], platform=MAC, appium-version=1.6.3, newCommandTimeout=100000.0, platformVersion=10.1.1, webStorageEnabled=false, automationName=XCUITest, browserName=, takesScreenshot=true, javascriptEnabled=true, platformName=iOS, udid=065f96d70ace738cc0afb7bd7ca6fcb1ae716935, app=/Users/macmini/eclipse-workspace/iOS-arms/Build/v9.4.1-int-423947.ipa, networkConnectionEnabled=false, bundleId=com.weather.TWC, databaseEnabled=false, autoLaunch=true, forceIphone=true, locationContextEnabled=false, waitForAppScript=$.delay(5000); true, device=iPhone, autoAcceptAlerts=true}]
Session ID: 41536b71-044b-4cbd-94b6-ff2f202fecf0</message>
                <stack-trace>java.lang.RuntimeException: org.openqa.selenium.WebDriverException: An unknown server-side error occurred while processing the command. Original error: Error Domain=com.facebook.WebDriverAgent Code=1 "Timeout waiting for application to activate" UserInfo={NSLocalizedDescription=Timeout waiting for application to activate} (WARNING: The server did not provide any stacktrace information)
Command duration or timeout: 68.00 seconds
Build info: version: '2.51.0', revision: '1af067dbcaedd7d2ab9af5151fc471d363d97193', time: '2016-02-05 11:20:57'
System info: host: 'Macminis-Mac-mini.local', ip: '192.168.1.24', os.name: 'Mac OS X', os.arch: 'x86_64', os.version: '10.13.2', java.version: '1.8.0_151'
Driver info: io.appium.java_client.ios.IOSDriver
Capabilities [{appPackage=com.weather.TWC, noReset=true, clearSystemFiles=true, deviceName==iPhone (11.0.2) [065f96d70ace738cc0afb7bd7ca6fcb1ae716935], platform=MAC, appium-version=1.6.3, newCommandTimeout=100000.0, platformVersion=10.1.1, webStorageEnabled=false, automationName=XCUITest, browserName=, takesScreenshot=true, javascriptEnabled=true, platformName=iOS, udid=065f96d70ace738cc0afb7bd7ca6fcb1ae716935, app=/Users/macmini/eclipse-workspace/iOS-arms/Build/v9.4.1-int-423947.ipa, networkConnectionEnabled=false, bundleId=com.weather.TWC, databaseEnabled=false, autoLaunch=true, forceIphone=true, locationContextEnabled=false, waitForAppScript=$.delay(5000); true, device=iPhone, autoAcceptAlerts=true}]
Session ID: 41536b71-044b-4cbd-94b6-ff2f202fecf0
	at com.Functions.Functions.put_Background_launcg(Functions.java:1067)
	at com.Functions.Functions.enternewAddress(Functions.java:894)
	at com.Functions.ExecutableFunctions.Function_validate_BB_ads(ExecutableFunctions.java:209)
	at com.Functions.AdMonitor_run.animatedBBAd_Validations(AdMonitor_run.java:134)
	at sun.reflect.NativeMethodAccessorImpl.invoke0(Native Method)
	at sun.reflect.NativeMethodAccessorImpl.invoke(NativeMethodAccessorImpl.java:62)
	at sun.reflect.DelegatingMethodAccessorImpl.invoke(DelegatingMethodAccessorImpl.java:43)
	at java.lang.reflect.Method.invoke(Method.java:498)
	at org.testng.internal.MethodInvocationHelper.invokeMethod(MethodInvocationHelper.java:86)
	at org.testng.internal.Invoker.invokeMethod(Invoker.java:643)
	at org.testng.internal.Invoker.invokeTestMethod(Invoker.java:820)
	at org.testng.internal.Invoker.invokeTestMethods(Invoker.java:1128)
	at org.testng.internal.TestMethodWorker.invokeTestMethods(TestMethodWorker.java:129)
	at org.testng.internal.TestMethodWorker.run(TestMethodWorker.java:112)
	at org.testng.TestRunner.privateRun(TestRunner.java:782)
	at org.testng.TestRunner.run(TestRunner.java:632)
	at org.testng.SuiteRunner.runTest(SuiteRunner.java:366)
	at org.testng.SuiteRunner.runSequentially(SuiteRunner.java:361)
	at org.testng.SuiteRunner.privateRun(SuiteRunner.java:319)
	at org.testng.SuiteRunner.run(SuiteRunner.java:268)
	at org.testng.SuiteRunnerWorker.runSuite(SuiteRunnerWorker.java:52)
	at org.testng.SuiteRunnerWorker.run(SuiteRunnerWorker.java:86)
	at org.testng.TestNG.runSuitesSequentially(TestNG.java:1244)
	at org.testng.TestNG.runSuitesLocally(TestNG.java:1169)
	at org.testng.TestNG.run(TestNG.java:1064)
	at org.testng.remote.AbstractRemoteTestNG.run(AbstractRemoteTestNG.java:114)
	at org.testng.remote.RemoteTestNG.initAndRun(RemoteTestNG.java:251)
	at org.testng.remote.RemoteTestNG.main(RemoteTestNG.java:77)
Caused by: org.openqa.selenium.WebDriverException: An unknown server-side error occurred while processing the command. Original error: Error Domain=com.facebook.WebDriverAgent Code=1 "Timeout waiting for application to activate" UserInfo={NSLocalizedDescription=Timeout waiting for application to activate} (WARNING: The server did not provide any stacktrace information)
Command duration or timeout: 68.00 seconds
Build info: version: '2.51.0', revision: '1af067dbcaedd7d2ab9af5151fc471d363d97193', time: '2016-02-05 11:20:57'
System info: host: 'Macminis-Mac-mini.local', ip: '192.168.1.24', os.name: 'Mac OS X', os.arch: 'x86_64', os.version: '10.13.2', java.version: '1.8.0_151'
Driver info: io.appium.java_client.ios.IOSDriver
Capabilities [{appPackage=com.weather.TWC, noReset=true, clearSystemFiles=true, deviceName==iPhone (11.0.2) [065f96d70ace738cc0afb7bd7ca6fcb1ae716935], platform=MAC, appium-version=1.6.3, newCommandTimeout=100000.0, platformVersion=10.1.1, webStorageEnabled=false, automationName=XCUITest, browserName=, takesScreenshot=true, javascriptEnabled=true, platformName=iOS, udid=065f96d70ace738cc0afb7bd7ca6fcb1ae716935, app=/Users/macmini/eclipse-workspace/iOS-arms/Build/v9.4.1-int-423947.ipa, networkConnectionEnabled=false, bundleId=com.weather.TWC, databaseEnabled=false, autoLaunch=true, forceIphone=true, locationContextEnabled=false, waitForAppScript=$.delay(5000); true, device=iPhone, autoAcceptAlerts=true}]
Session ID: 41536b71-044b-4cbd-94b6-ff2f202fecf0
	at sun.reflect.NativeConstructorAccessorImpl.newInstance0(Native Method)
	at sun.reflect.NativeConstructorAccessorImpl.newInstance(NativeConstructorAccessorImpl.java:62)
	at sun.reflect.DelegatingConstructorAccessorImpl.newInstance(DelegatingConstructorAccessorImpl.java:45)
	at java.lang.reflect.Constructor.newInstance(Constructor.java:423)
	at org.openqa.selenium.remote.ErrorHandler.createThrowable(ErrorHandler.java:206)
	at org.openqa.selenium.remote.ErrorHandler.throwIfResponseFailed(ErrorHandler.java:158)
	at org.openqa.selenium.remote.RemoteWebDriver.execute(RemoteWebDriver.java:678)
	at io.appium.java_client.DefaultGenericMobileDriver.execute(DefaultGenericMobileDriver.java:40)
	at io.appium.java_client.AppiumDriver.execute(AppiumDriver.java:1)
	at io.appium.java_client.ios.IOSDriver.execute(IOSDriver.java:1)
	at io.appium.java_client.AppiumDriver.runAppInBackground(AppiumDriver.java:290)
	at com.Functions.Functions.put_Background_launcg(Functions.java:1063)
	... 27 more
</stack-trace>
            </failure>
            <steps>
                <step start="1515065046528" stop="1515065046528" status="passed">
                    <name>logStep[AnimatedBBad verification started]</name>
                    <title>AnimatedBBad verification started</title>
                </step>
            </steps>
            <attachments/>
            <labels>
                <label name="host" value="Macminis-Mac-mini.local"/>
                <label name="thread" value="2415@Macminis-Mac-mini.local.main(1)"/>
            </labels>
        </test-case>
    </test-cases>
    <labels>
        <label name="framework" value="TestNG"/>
        <label name="language" value="JAVA"/>
    </labels>
</ns2:test-suite>
