<?xml version="1.0" encoding="UTF-8"?>
<testng-results skipped="0" failed="4" total="18" passed="14">
  <reporter-output>
  </reporter-output>
  <suite name="Default suite" duration-ms="2047319" started-at="2018-01-04T12:27:46Z" finished-at="2018-01-04T13:01:53Z">
    <groups>
    </groups>
    <test name="Default test" duration-ms="2047319" started-at="2018-01-04T12:27:46Z" finished-at="2018-01-04T13:01:53Z">
      <class name="com.Functions.AdMonitor_run">
        <test-method status="PASS" signature="beforeTest()[pri:0, instance:com.Functions.AdMonitor_run@3650d4fc]" name="beforeTest" is-config="true" duration-ms="297254" started-at="2018-01-04T17:57:46Z" finished-at="2018-01-04T18:02:43Z">
          <reporter-output>
          </reporter-output>
        </test-method> <!-- beforeTest -->
        <test-method status="PASS" signature="beforeMethod()[pri:0, instance:com.Functions.AdMonitor_run@3650d4fc]" name="beforeMethod" is-config="true" duration-ms="1" started-at="2018-01-04T18:02:43Z" finished-at="2018-01-04T18:02:43Z">
          <reporter-output>
          </reporter-output>
        </test-method> <!-- beforeMethod -->
        <test-method status="PASS" signature="Feed_1_Ad_Validation()[pri:1, instance:com.Functions.AdMonitor_run@3650d4fc]" name="Feed_1_Ad_Validation" duration-ms="40373" started-at="2018-01-04T18:02:43Z" finished-at="2018-01-04T18:03:24Z">
          <reporter-output>
          </reporter-output>
        </test-method> <!-- Feed_1_Ad_Validation -->
        <test-method status="PASS" signature="afterMethod()[pri:0, instance:com.Functions.AdMonitor_run@3650d4fc]" name="afterMethod" is-config="true" duration-ms="0" started-at="2018-01-04T18:03:24Z" finished-at="2018-01-04T18:03:24Z">
          <reporter-output>
          </reporter-output>
        </test-method> <!-- afterMethod -->
        <test-method status="PASS" signature="Feed_2_Ad_VAlidation()[pri:2, instance:com.Functions.AdMonitor_run@3650d4fc]" name="Feed_2_Ad_VAlidation" duration-ms="122757" started-at="2018-01-04T18:03:24Z" finished-at="2018-01-04T18:05:26Z">
          <reporter-output>
          </reporter-output>
        </test-method> <!-- Feed_2_Ad_VAlidation -->
        <test-method status="PASS" signature="beforeMethod()[pri:0, instance:com.Functions.AdMonitor_run@3650d4fc]" name="beforeMethod" is-config="true" duration-ms="0" started-at="2018-01-04T18:03:24Z" finished-at="2018-01-04T18:03:24Z">
          <reporter-output>
          </reporter-output>
        </test-method> <!-- beforeMethod -->
        <test-method status="PASS" signature="afterMethod()[pri:0, instance:com.Functions.AdMonitor_run@3650d4fc]" name="afterMethod" is-config="true" duration-ms="0" started-at="2018-01-04T18:05:26Z" finished-at="2018-01-04T18:05:26Z">
          <reporter-output>
          </reporter-output>
        </test-method> <!-- afterMethod -->
        <test-method status="PASS" signature="Feed_3_Ad_Validation()[pri:3, instance:com.Functions.AdMonitor_run@3650d4fc]" name="Feed_3_Ad_Validation" duration-ms="53488" started-at="2018-01-04T18:05:26Z" finished-at="2018-01-04T18:06:20Z">
          <reporter-output>
          </reporter-output>
        </test-method> <!-- Feed_3_Ad_Validation -->
        <test-method status="PASS" signature="beforeMethod()[pri:0, instance:com.Functions.AdMonitor_run@3650d4fc]" name="beforeMethod" is-config="true" duration-ms="0" started-at="2018-01-04T18:05:26Z" finished-at="2018-01-04T18:05:26Z">
          <reporter-output>
          </reporter-output>
        </test-method> <!-- beforeMethod -->
        <test-method status="PASS" signature="afterMethod()[pri:0, instance:com.Functions.AdMonitor_run@3650d4fc]" name="afterMethod" is-config="true" duration-ms="0" started-at="2018-01-04T18:06:20Z" finished-at="2018-01-04T18:06:20Z">
          <reporter-output>
          </reporter-output>
        </test-method> <!-- afterMethod -->
        <test-method status="PASS" signature="Feed_4_Ad_VAlidation()[pri:4, instance:com.Functions.AdMonitor_run@3650d4fc]" name="Feed_4_Ad_VAlidation" duration-ms="41616" started-at="2018-01-04T18:06:20Z" finished-at="2018-01-04T18:07:02Z">
          <reporter-output>
          </reporter-output>
        </test-method> <!-- Feed_4_Ad_VAlidation -->
        <test-method status="PASS" signature="beforeMethod()[pri:0, instance:com.Functions.AdMonitor_run@3650d4fc]" name="beforeMethod" is-config="true" duration-ms="0" started-at="2018-01-04T18:06:20Z" finished-at="2018-01-04T18:06:20Z">
          <reporter-output>
          </reporter-output>
        </test-method> <!-- beforeMethod -->
        <test-method status="PASS" signature="beforeMethod()[pri:0, instance:com.Functions.AdMonitor_run@3650d4fc]" name="beforeMethod" is-config="true" duration-ms="0" started-at="2018-01-04T18:07:02Z" finished-at="2018-01-04T18:07:02Z">
          <reporter-output>
          </reporter-output>
        </test-method> <!-- beforeMethod -->
        <test-method status="PASS" signature="afterMethod()[pri:0, instance:com.Functions.AdMonitor_run@3650d4fc]" name="afterMethod" is-config="true" duration-ms="0" started-at="2018-01-04T18:07:02Z" finished-at="2018-01-04T18:07:02Z">
          <reporter-output>
          </reporter-output>
        </test-method> <!-- afterMethod -->
        <test-method status="PASS" signature="Feed_5_Ad_Validation()[pri:5, instance:com.Functions.AdMonitor_run@3650d4fc]" name="Feed_5_Ad_Validation" duration-ms="29715" started-at="2018-01-04T18:07:02Z" finished-at="2018-01-04T18:07:31Z">
          <reporter-output>
          </reporter-output>
        </test-method> <!-- Feed_5_Ad_Validation -->
        <test-method status="PASS" signature="afterMethod()[pri:0, instance:com.Functions.AdMonitor_run@3650d4fc]" name="afterMethod" is-config="true" duration-ms="1" started-at="2018-01-04T18:07:31Z" finished-at="2018-01-04T18:07:31Z">
          <reporter-output>
          </reporter-output>
        </test-method> <!-- afterMethod -->
        <test-method status="PASS" signature="beforeMethod()[pri:0, instance:com.Functions.AdMonitor_run@3650d4fc]" name="beforeMethod" is-config="true" duration-ms="0" started-at="2018-01-04T18:07:31Z" finished-at="2018-01-04T18:07:31Z">
          <reporter-output>
          </reporter-output>
        </test-method> <!-- beforeMethod -->
        <test-method status="PASS" signature="HourlyPageAd_Validations()[pri:6, instance:com.Functions.AdMonitor_run@3650d4fc]" name="HourlyPageAd_Validations" duration-ms="214538" started-at="2018-01-04T18:07:31Z" finished-at="2018-01-04T18:11:06Z">
          <reporter-output>
          </reporter-output>
        </test-method> <!-- HourlyPageAd_Validations -->
        <test-method status="PASS" signature="afterMethod()[pri:0, instance:com.Functions.AdMonitor_run@3650d4fc]" name="afterMethod" is-config="true" duration-ms="0" started-at="2018-01-04T18:11:06Z" finished-at="2018-01-04T18:11:06Z">
          <reporter-output>
          </reporter-output>
        </test-method> <!-- afterMethod -->
        <test-method status="PASS" signature="DailyPageAd_Validations()[pri:7, instance:com.Functions.AdMonitor_run@3650d4fc]" name="DailyPageAd_Validations" duration-ms="109203" started-at="2018-01-04T18:11:06Z" finished-at="2018-01-04T18:12:55Z">
          <reporter-output>
          </reporter-output>
        </test-method> <!-- DailyPageAd_Validations -->
        <test-method status="PASS" signature="beforeMethod()[pri:0, instance:com.Functions.AdMonitor_run@3650d4fc]" name="beforeMethod" is-config="true" duration-ms="0" started-at="2018-01-04T18:11:06Z" finished-at="2018-01-04T18:11:06Z">
          <reporter-output>
          </reporter-output>
        </test-method> <!-- beforeMethod -->
        <test-method status="PASS" signature="afterMethod()[pri:0, instance:com.Functions.AdMonitor_run@3650d4fc]" name="afterMethod" is-config="true" duration-ms="0" started-at="2018-01-04T18:12:55Z" finished-at="2018-01-04T18:12:55Z">
          <reporter-output>
          </reporter-output>
        </test-method> <!-- afterMethod -->
        <test-method status="PASS" signature="beforeMethod()[pri:0, instance:com.Functions.AdMonitor_run@3650d4fc]" name="beforeMethod" is-config="true" duration-ms="1" started-at="2018-01-04T18:12:55Z" finished-at="2018-01-04T18:12:55Z">
          <reporter-output>
          </reporter-output>
        </test-method> <!-- beforeMethod -->
        <test-method status="PASS" signature="MapPageAd_Validations()[pri:8, instance:com.Functions.AdMonitor_run@3650d4fc]" name="MapPageAd_Validations" duration-ms="74553" started-at="2018-01-04T18:12:55Z" finished-at="2018-01-04T18:14:10Z">
          <reporter-output>
          </reporter-output>
        </test-method> <!-- MapPageAd_Validations -->
        <test-method status="PASS" signature="beforeMethod()[pri:0, instance:com.Functions.AdMonitor_run@3650d4fc]" name="beforeMethod" is-config="true" duration-ms="1" started-at="2018-01-04T18:14:10Z" finished-at="2018-01-04T18:14:10Z">
          <reporter-output>
          </reporter-output>
        </test-method> <!-- beforeMethod -->
        <test-method status="PASS" signature="afterMethod()[pri:0, instance:com.Functions.AdMonitor_run@3650d4fc]" name="afterMethod" is-config="true" duration-ms="0" started-at="2018-01-04T18:14:10Z" finished-at="2018-01-04T18:14:10Z">
          <reporter-output>
          </reporter-output>
        </test-method> <!-- afterMethod -->
        <test-method status="PASS" signature="NewsPageAd_Validations()[pri:9, instance:com.Functions.AdMonitor_run@3650d4fc]" name="NewsPageAd_Validations" duration-ms="95554" started-at="2018-01-04T18:14:10Z" finished-at="2018-01-04T18:15:45Z">
          <reporter-output>
          </reporter-output>
        </test-method> <!-- NewsPageAd_Validations -->
        <test-method status="PASS" signature="beforeMethod()[pri:0, instance:com.Functions.AdMonitor_run@3650d4fc]" name="beforeMethod" is-config="true" duration-ms="0" started-at="2018-01-04T18:15:45Z" finished-at="2018-01-04T18:15:45Z">
          <reporter-output>
          </reporter-output>
        </test-method> <!-- beforeMethod -->
        <test-method status="PASS" signature="HealthPage_cold_Flu_Ad_Validations()[pri:10, instance:com.Functions.AdMonitor_run@3650d4fc]" name="HealthPage_cold_Flu_Ad_Validations" duration-ms="368034" started-at="2018-01-04T18:15:45Z" finished-at="2018-01-04T18:21:53Z">
          <reporter-output>
          </reporter-output>
        </test-method> <!-- HealthPage_cold_Flu_Ad_Validations -->
        <test-method status="PASS" signature="afterMethod()[pri:0, instance:com.Functions.AdMonitor_run@3650d4fc]" name="afterMethod" is-config="true" duration-ms="0" started-at="2018-01-04T18:15:45Z" finished-at="2018-01-04T18:15:45Z">
          <reporter-output>
          </reporter-output>
        </test-method> <!-- afterMethod -->
        <test-method status="PASS" signature="beforeMethod()[pri:0, instance:com.Functions.AdMonitor_run@3650d4fc]" name="beforeMethod" is-config="true" duration-ms="1" started-at="2018-01-04T18:21:53Z" finished-at="2018-01-04T18:21:53Z">
          <reporter-output>
          </reporter-output>
        </test-method> <!-- beforeMethod -->
        <test-method status="PASS" signature="afterMethod()[pri:0, instance:com.Functions.AdMonitor_run@3650d4fc]" name="afterMethod" is-config="true" duration-ms="0" started-at="2018-01-04T18:21:53Z" finished-at="2018-01-04T18:21:53Z">
          <reporter-output>
          </reporter-output>
        </test-method> <!-- afterMethod -->
        <test-method status="FAIL" signature="HealthPage_Allergy_Ad_Validations()[pri:11, instance:com.Functions.AdMonitor_run@3650d4fc]" name="HealthPage_Allergy_Ad_Validations" duration-ms="87514" started-at="2018-01-04T18:21:53Z" finished-at="2018-01-04T18:23:21Z">
          <exception class="java.lang.AssertionError">
            <message>
              <![CDATA[Ad preset on LSModule(Allergy) Module,  but sizes are not matched]]>
            </message>
            <full-stacktrace>
              <![CDATA[java.lang.AssertionError: Ad preset on LSModule(Allergy) Module,  but sizes are not matched
	at org.testng.Assert.fail(Assert.java:94)
	at com.Functions.Functions.Verify_Adpresenton_extendedPages(Functions.java:3309)
	at com.Functions.ExecutableFunctions.Function_extened_LSModule_ads(ExecutableFunctions.java:381)
	at com.Functions.AdMonitor_run.HealthPage_Allergy_Ad_Validations(AdMonitor_run.java:89)
	at sun.reflect.NativeMethodAccessorImpl.invoke0(Native Method)
	at sun.reflect.NativeMethodAccessorImpl.invoke(NativeMethodAccessorImpl.java:62)
	at sun.reflect.DelegatingMethodAccessorImpl.invoke(DelegatingMethodAccessorImpl.java:43)
	at java.lang.reflect.Method.invoke(Method.java:498)
	at org.testng.internal.MethodInvocationHelper.invokeMethod(MethodInvocationHelper.java:86)
	at org.testng.internal.Invoker.invokeMethod(Invoker.java:643)
	at org.testng.internal.Invoker.invokeTestMethod(Invoker.java:820)
	at org.testng.internal.Invoker.invokeTestMethods(Invoker.java:1128)
	at org.testng.internal.TestMethodWorker.invokeTestMethods(TestMethodWorker.java:129)
	at org.testng.internal.TestMethodWorker.run(TestMethodWorker.java:112)
	at org.testng.TestRunner.privateRun(TestRunner.java:782)
	at org.testng.TestRunner.run(TestRunner.java:632)
	at org.testng.SuiteRunner.runTest(SuiteRunner.java:366)
	at org.testng.SuiteRunner.runSequentially(SuiteRunner.java:361)
	at org.testng.SuiteRunner.privateRun(SuiteRunner.java:319)
	at org.testng.SuiteRunner.run(SuiteRunner.java:268)
	at org.testng.SuiteRunnerWorker.runSuite(SuiteRunnerWorker.java:52)
	at org.testng.SuiteRunnerWorker.run(SuiteRunnerWorker.java:86)
	at org.testng.TestNG.runSuitesSequentially(TestNG.java:1244)
	at org.testng.TestNG.runSuitesLocally(TestNG.java:1169)
	at org.testng.TestNG.run(TestNG.java:1064)
	at org.testng.remote.AbstractRemoteTestNG.run(AbstractRemoteTestNG.java:114)
	at org.testng.remote.RemoteTestNG.initAndRun(RemoteTestNG.java:251)
	at org.testng.remote.RemoteTestNG.main(RemoteTestNG.java:77)
]]>
            </full-stacktrace>
          </exception> <!-- java.lang.AssertionError -->
          <reporter-output>
          </reporter-output>
        </test-method> <!-- HealthPage_Allergy_Ad_Validations -->
        <test-method status="PASS" signature="afterMethod()[pri:0, instance:com.Functions.AdMonitor_run@3650d4fc]" name="afterMethod" is-config="true" duration-ms="0" started-at="2018-01-04T18:23:21Z" finished-at="2018-01-04T18:23:21Z">
          <reporter-output>
          </reporter-output>
        </test-method> <!-- afterMethod -->
        <test-method status="PASS" signature="HealthPage_Ski_Ad_Validations()[pri:12, instance:com.Functions.AdMonitor_run@3650d4fc]" name="HealthPage_Ski_Ad_Validations" duration-ms="75378" started-at="2018-01-04T18:23:21Z" finished-at="2018-01-04T18:24:36Z">
          <reporter-output>
          </reporter-output>
        </test-method> <!-- HealthPage_Ski_Ad_Validations -->
        <test-method status="PASS" signature="beforeMethod()[pri:0, instance:com.Functions.AdMonitor_run@3650d4fc]" name="beforeMethod" is-config="true" duration-ms="0" started-at="2018-01-04T18:23:21Z" finished-at="2018-01-04T18:23:21Z">
          <reporter-output>
          </reporter-output>
        </test-method> <!-- beforeMethod -->
        <test-method status="PASS" signature="afterMethod()[pri:0, instance:com.Functions.AdMonitor_run@3650d4fc]" name="afterMethod" is-config="true" duration-ms="0" started-at="2018-01-04T18:24:36Z" finished-at="2018-01-04T18:24:36Z">
          <reporter-output>
          </reporter-output>
        </test-method> <!-- afterMethod -->
        <test-method status="PASS" signature="HealthPage_Running_Ad_Validations()[pri:13, instance:com.Functions.AdMonitor_run@3650d4fc]" name="HealthPage_Running_Ad_Validations" duration-ms="159682" started-at="2018-01-04T18:24:36Z" finished-at="2018-01-04T18:27:16Z">
          <reporter-output>
          </reporter-output>
        </test-method> <!-- HealthPage_Running_Ad_Validations -->
        <test-method status="PASS" signature="beforeMethod()[pri:0, instance:com.Functions.AdMonitor_run@3650d4fc]" name="beforeMethod" is-config="true" duration-ms="0" started-at="2018-01-04T18:24:36Z" finished-at="2018-01-04T18:24:36Z">
          <reporter-output>
          </reporter-output>
        </test-method> <!-- beforeMethod -->
        <test-method status="PASS" signature="afterMethod()[pri:0, instance:com.Functions.AdMonitor_run@3650d4fc]" name="afterMethod" is-config="true" duration-ms="0" started-at="2018-01-04T18:27:16Z" finished-at="2018-01-04T18:27:16Z">
          <reporter-output>
          </reporter-output>
        </test-method> <!-- afterMethod -->
        <test-method status="PASS" signature="beforeMethod()[pri:0, instance:com.Functions.AdMonitor_run@3650d4fc]" name="beforeMethod" is-config="true" duration-ms="0" started-at="2018-01-04T18:27:16Z" finished-at="2018-01-04T18:27:16Z">
          <reporter-output>
          </reporter-output>
        </test-method> <!-- beforeMethod -->
        <test-method status="FAIL" signature="HealthPage_Boat_Beach_Ad_Validations()[pri:14, instance:com.Functions.AdMonitor_run@3650d4fc]" name="HealthPage_Boat_Beach_Ad_Validations" duration-ms="68865" started-at="2018-01-04T18:27:16Z" finished-at="2018-01-04T18:28:25Z">
          <exception class="java.lang.AssertionError">
            <message>
              <![CDATA[Ad not present on the LSModule(Boat&Beach) detaile page]]>
            </message>
            <full-stacktrace>
              <![CDATA[java.lang.AssertionError: Ad not present on the LSModule(Boat&Beach) detaile page
	at org.testng.Assert.fail(Assert.java:94)
	at com.Functions.Functions.Verify_Adpresenton_extendedPages(Functions.java:3208)
	at com.Functions.ExecutableFunctions.Function_extened_LSModule_ads(ExecutableFunctions.java:381)
	at com.Functions.AdMonitor_run.HealthPage_Boat_Beach_Ad_Validations(AdMonitor_run.java:104)
	at sun.reflect.NativeMethodAccessorImpl.invoke0(Native Method)
	at sun.reflect.NativeMethodAccessorImpl.invoke(NativeMethodAccessorImpl.java:62)
	at sun.reflect.DelegatingMethodAccessorImpl.invoke(DelegatingMethodAccessorImpl.java:43)
	at java.lang.reflect.Method.invoke(Method.java:498)
	at org.testng.internal.MethodInvocationHelper.invokeMethod(MethodInvocationHelper.java:86)
	at org.testng.internal.Invoker.invokeMethod(Invoker.java:643)
	at org.testng.internal.Invoker.invokeTestMethod(Invoker.java:820)
	at org.testng.internal.Invoker.invokeTestMethods(Invoker.java:1128)
	at org.testng.internal.TestMethodWorker.invokeTestMethods(TestMethodWorker.java:129)
	at org.testng.internal.TestMethodWorker.run(TestMethodWorker.java:112)
	at org.testng.TestRunner.privateRun(TestRunner.java:782)
	at org.testng.TestRunner.run(TestRunner.java:632)
	at org.testng.SuiteRunner.runTest(SuiteRunner.java:366)
	at org.testng.SuiteRunner.runSequentially(SuiteRunner.java:361)
	at org.testng.SuiteRunner.privateRun(SuiteRunner.java:319)
	at org.testng.SuiteRunner.run(SuiteRunner.java:268)
	at org.testng.SuiteRunnerWorker.runSuite(SuiteRunnerWorker.java:52)
	at org.testng.SuiteRunnerWorker.run(SuiteRunnerWorker.java:86)
	at org.testng.TestNG.runSuitesSequentially(TestNG.java:1244)
	at org.testng.TestNG.runSuitesLocally(TestNG.java:1169)
	at org.testng.TestNG.run(TestNG.java:1064)
	at org.testng.remote.AbstractRemoteTestNG.run(AbstractRemoteTestNG.java:114)
	at org.testng.remote.RemoteTestNG.initAndRun(RemoteTestNG.java:251)
	at org.testng.remote.RemoteTestNG.main(RemoteTestNG.java:77)
]]>
            </full-stacktrace>
          </exception> <!-- java.lang.AssertionError -->
          <reporter-output>
          </reporter-output>
        </test-method> <!-- HealthPage_Boat_Beach_Ad_Validations -->
        <test-method status="FAIL" signature="NativAd_Validations()[pri:15, instance:com.Functions.AdMonitor_run@3650d4fc]" name="NativAd_Validations" duration-ms="19666" started-at="2018-01-04T18:28:25Z" finished-at="2018-01-04T18:28:44Z">
          <exception class="org.openqa.selenium.NoSuchElementException">
            <message>
              <![CDATA[An element could not be located on the page using the given search parameters. (WARNING: The server did not provide any stacktrace information)
Command duration or timeout: 11.61 seconds
For documentation on this error, please visit: http://seleniumhq.org/exceptions/no_such_element.html
Build info: version: '2.51.0', revision: '1af067dbcaedd7d2ab9af5151fc471d363d97193', time: '2016-02-05 11:20:57'
System info: host: 'Macminis-Mac-mini.local', ip: '192.168.1.24', os.name: 'Mac OS X', os.arch: 'x86_64', os.version: '10.13.2', java.version: '1.8.0_151'
Driver info: io.appium.java_client.ios.IOSDriver
Capabilities [{appPackage=com.weather.TWC, noReset=true, clearSystemFiles=true, deviceName==iPhone (11.0.2) [065f96d70ace738cc0afb7bd7ca6fcb1ae716935], platform=MAC, appium-version=1.6.3, newCommandTimeout=100000.0, platformVersion=10.1.1, webStorageEnabled=false, automationName=XCUITest, browserName=, takesScreenshot=true, javascriptEnabled=true, platformName=iOS, udid=065f96d70ace738cc0afb7bd7ca6fcb1ae716935, app=/Users/macmini/eclipse-workspace/iOS-arms/Build/v9.4.1-int-423947.ipa, networkConnectionEnabled=false, bundleId=com.weather.TWC, databaseEnabled=false, autoLaunch=true, forceIphone=true, locationContextEnabled=false, waitForAppScript=$.delay(5000); true, device=iPhone, autoAcceptAlerts=true}]
Session ID: 8dfacdb1-3432-4f05-ade1-7f20df11b274
*** Element info: {Using=xpath, value=//XCUIElementTypeButton[@name='topNav settings']}]]>
            </message>
            <full-stacktrace>
              <![CDATA[org.openqa.selenium.NoSuchElementException: An element could not be located on the page using the given search parameters. (WARNING: The server did not provide any stacktrace information)
Command duration or timeout: 11.61 seconds
For documentation on this error, please visit: http://seleniumhq.org/exceptions/no_such_element.html
Build info: version: '2.51.0', revision: '1af067dbcaedd7d2ab9af5151fc471d363d97193', time: '2016-02-05 11:20:57'
System info: host: 'Macminis-Mac-mini.local', ip: '192.168.1.24', os.name: 'Mac OS X', os.arch: 'x86_64', os.version: '10.13.2', java.version: '1.8.0_151'
Driver info: io.appium.java_client.ios.IOSDriver
Capabilities [{appPackage=com.weather.TWC, noReset=true, clearSystemFiles=true, deviceName==iPhone (11.0.2) [065f96d70ace738cc0afb7bd7ca6fcb1ae716935], platform=MAC, appium-version=1.6.3, newCommandTimeout=100000.0, platformVersion=10.1.1, webStorageEnabled=false, automationName=XCUITest, browserName=, takesScreenshot=true, javascriptEnabled=true, platformName=iOS, udid=065f96d70ace738cc0afb7bd7ca6fcb1ae716935, app=/Users/macmini/eclipse-workspace/iOS-arms/Build/v9.4.1-int-423947.ipa, networkConnectionEnabled=false, bundleId=com.weather.TWC, databaseEnabled=false, autoLaunch=true, forceIphone=true, locationContextEnabled=false, waitForAppScript=$.delay(5000); true, device=iPhone, autoAcceptAlerts=true}]
Session ID: 8dfacdb1-3432-4f05-ade1-7f20df11b274
*** Element info: {Using=xpath, value=//XCUIElementTypeButton[@name='topNav settings']}
	at sun.reflect.GeneratedConstructorAccessor79.newInstance(Unknown Source)
	at sun.reflect.DelegatingConstructorAccessorImpl.newInstance(DelegatingConstructorAccessorImpl.java:45)
	at java.lang.reflect.Constructor.newInstance(Constructor.java:423)
	at org.openqa.selenium.remote.ErrorHandler.createThrowable(ErrorHandler.java:206)
	at org.openqa.selenium.remote.ErrorHandler.throwIfResponseFailed(ErrorHandler.java:158)
	at org.openqa.selenium.remote.RemoteWebDriver.execute(RemoteWebDriver.java:678)
	at io.appium.java_client.DefaultGenericMobileDriver.execute(DefaultGenericMobileDriver.java:40)
	at io.appium.java_client.AppiumDriver.execute(AppiumDriver.java:1)
	at io.appium.java_client.ios.IOSDriver.execute(IOSDriver.java:1)
	at org.openqa.selenium.remote.RemoteWebDriver.findElement(RemoteWebDriver.java:363)
	at io.appium.java_client.DefaultGenericMobileDriver.findElement(DefaultGenericMobileDriver.java:56)
	at io.appium.java_client.AppiumDriver.findElement(AppiumDriver.java:1)
	at io.appium.java_client.ios.IOSDriver.findElement(IOSDriver.java:1)
	at org.openqa.selenium.remote.RemoteWebDriver.findElementByXPath(RemoteWebDriver.java:500)
	at io.appium.java_client.DefaultGenericMobileDriver.findElementByXPath(DefaultGenericMobileDriver.java:134)
	at io.appium.java_client.AppiumDriver.findElementByXPath(AppiumDriver.java:1)
	at io.appium.java_client.ios.IOSDriver.findElementByXPath(IOSDriver.java:1)
	at com.Functions.Functions.Setappinto_TestMode(Functions.java:1090)
	at com.Functions.AdMonitor_run.NativAd_Validations(AdMonitor_run.java:109)
	at sun.reflect.NativeMethodAccessorImpl.invoke0(Native Method)
	at sun.reflect.NativeMethodAccessorImpl.invoke(NativeMethodAccessorImpl.java:62)
	at sun.reflect.DelegatingMethodAccessorImpl.invoke(DelegatingMethodAccessorImpl.java:43)
	at java.lang.reflect.Method.invoke(Method.java:498)
	at org.testng.internal.MethodInvocationHelper.invokeMethod(MethodInvocationHelper.java:86)
	at org.testng.internal.Invoker.invokeMethod(Invoker.java:643)
	at org.testng.internal.Invoker.invokeTestMethod(Invoker.java:820)
	at org.testng.internal.Invoker.invokeTestMethods(Invoker.java:1128)
	at org.testng.internal.TestMethodWorker.invokeTestMethods(TestMethodWorker.java:129)
	at org.testng.internal.TestMethodWorker.run(TestMethodWorker.java:112)
	at org.testng.TestRunner.privateRun(TestRunner.java:782)
	at org.testng.TestRunner.run(TestRunner.java:632)
	at org.testng.SuiteRunner.runTest(SuiteRunner.java:366)
	at org.testng.SuiteRunner.runSequentially(SuiteRunner.java:361)
	at org.testng.SuiteRunner.privateRun(SuiteRunner.java:319)
	at org.testng.SuiteRunner.run(SuiteRunner.java:268)
	at org.testng.SuiteRunnerWorker.runSuite(SuiteRunnerWorker.java:52)
	at org.testng.SuiteRunnerWorker.run(SuiteRunnerWorker.java:86)
	at org.testng.TestNG.runSuitesSequentially(TestNG.java:1244)
	at org.testng.TestNG.runSuitesLocally(TestNG.java:1169)
	at org.testng.TestNG.run(TestNG.java:1064)
	at org.testng.remote.AbstractRemoteTestNG.run(AbstractRemoteTestNG.java:114)
	at org.testng.remote.RemoteTestNG.initAndRun(RemoteTestNG.java:251)
	at org.testng.remote.RemoteTestNG.main(RemoteTestNG.java:77)
]]>
            </full-stacktrace>
          </exception> <!-- org.openqa.selenium.NoSuchElementException -->
          <reporter-output>
          </reporter-output>
        </test-method> <!-- NativAd_Validations -->
        <test-method status="PASS" signature="beforeMethod()[pri:0, instance:com.Functions.AdMonitor_run@3650d4fc]" name="beforeMethod" is-config="true" duration-ms="0" started-at="2018-01-04T18:28:25Z" finished-at="2018-01-04T18:28:25Z">
          <reporter-output>
          </reporter-output>
        </test-method> <!-- beforeMethod -->
        <test-method status="PASS" signature="afterMethod()[pri:0, instance:com.Functions.AdMonitor_run@3650d4fc]" name="afterMethod" is-config="true" duration-ms="0" started-at="2018-01-04T18:28:25Z" finished-at="2018-01-04T18:28:25Z">
          <reporter-output>
          </reporter-output>
        </test-method> <!-- afterMethod -->
        <test-method status="PASS" signature="afterMethod()[pri:0, instance:com.Functions.AdMonitor_run@3650d4fc]" name="afterMethod" is-config="true" duration-ms="1" started-at="2018-01-04T18:28:44Z" finished-at="2018-01-04T18:28:44Z">
          <reporter-output>
          </reporter-output>
        </test-method> <!-- afterMethod -->
        <test-method status="PASS" signature="beforeMethod()[pri:0, instance:com.Functions.AdMonitor_run@3650d4fc]" name="beforeMethod" is-config="true" duration-ms="0" started-at="2018-01-04T18:28:44Z" finished-at="2018-01-04T18:28:44Z">
          <reporter-output>
          </reporter-output>
        </test-method> <!-- beforeMethod -->
        <test-method status="FAIL" signature="NativBB_Validations()[pri:16, instance:com.Functions.AdMonitor_run@3650d4fc]" name="NativBB_Validations" duration-ms="19755" started-at="2018-01-04T18:28:44Z" finished-at="2018-01-04T18:29:04Z">
          <exception class="org.openqa.selenium.NoSuchElementException">
            <message>
              <![CDATA[An element could not be located on the page using the given search parameters. (WARNING: The server did not provide any stacktrace information)
Command duration or timeout: 11.57 seconds
For documentation on this error, please visit: http://seleniumhq.org/exceptions/no_such_element.html
Build info: version: '2.51.0', revision: '1af067dbcaedd7d2ab9af5151fc471d363d97193', time: '2016-02-05 11:20:57'
System info: host: 'Macminis-Mac-mini.local', ip: '192.168.1.24', os.name: 'Mac OS X', os.arch: 'x86_64', os.version: '10.13.2', java.version: '1.8.0_151'
Driver info: io.appium.java_client.ios.IOSDriver
Capabilities [{appPackage=com.weather.TWC, noReset=true, clearSystemFiles=true, deviceName==iPhone (11.0.2) [065f96d70ace738cc0afb7bd7ca6fcb1ae716935], platform=MAC, appium-version=1.6.3, newCommandTimeout=100000.0, platformVersion=10.1.1, webStorageEnabled=false, automationName=XCUITest, browserName=, takesScreenshot=true, javascriptEnabled=true, platformName=iOS, udid=065f96d70ace738cc0afb7bd7ca6fcb1ae716935, app=/Users/macmini/eclipse-workspace/iOS-arms/Build/v9.4.1-int-423947.ipa, networkConnectionEnabled=false, bundleId=com.weather.TWC, databaseEnabled=false, autoLaunch=true, forceIphone=true, locationContextEnabled=false, waitForAppScript=$.delay(5000); true, device=iPhone, autoAcceptAlerts=true}]
Session ID: 8dfacdb1-3432-4f05-ade1-7f20df11b274
*** Element info: {Using=xpath, value=//XCUIElementTypeButton[@name='topNav settings']}]]>
            </message>
            <full-stacktrace>
              <![CDATA[org.openqa.selenium.NoSuchElementException: An element could not be located on the page using the given search parameters. (WARNING: The server did not provide any stacktrace information)
Command duration or timeout: 11.57 seconds
For documentation on this error, please visit: http://seleniumhq.org/exceptions/no_such_element.html
Build info: version: '2.51.0', revision: '1af067dbcaedd7d2ab9af5151fc471d363d97193', time: '2016-02-05 11:20:57'
System info: host: 'Macminis-Mac-mini.local', ip: '192.168.1.24', os.name: 'Mac OS X', os.arch: 'x86_64', os.version: '10.13.2', java.version: '1.8.0_151'
Driver info: io.appium.java_client.ios.IOSDriver
Capabilities [{appPackage=com.weather.TWC, noReset=true, clearSystemFiles=true, deviceName==iPhone (11.0.2) [065f96d70ace738cc0afb7bd7ca6fcb1ae716935], platform=MAC, appium-version=1.6.3, newCommandTimeout=100000.0, platformVersion=10.1.1, webStorageEnabled=false, automationName=XCUITest, browserName=, takesScreenshot=true, javascriptEnabled=true, platformName=iOS, udid=065f96d70ace738cc0afb7bd7ca6fcb1ae716935, app=/Users/macmini/eclipse-workspace/iOS-arms/Build/v9.4.1-int-423947.ipa, networkConnectionEnabled=false, bundleId=com.weather.TWC, databaseEnabled=false, autoLaunch=true, forceIphone=true, locationContextEnabled=false, waitForAppScript=$.delay(5000); true, device=iPhone, autoAcceptAlerts=true}]
Session ID: 8dfacdb1-3432-4f05-ade1-7f20df11b274
*** Element info: {Using=xpath, value=//XCUIElementTypeButton[@name='topNav settings']}
	at sun.reflect.GeneratedConstructorAccessor79.newInstance(Unknown Source)
	at sun.reflect.DelegatingConstructorAccessorImpl.newInstance(DelegatingConstructorAccessorImpl.java:45)
	at java.lang.reflect.Constructor.newInstance(Constructor.java:423)
	at org.openqa.selenium.remote.ErrorHandler.createThrowable(ErrorHandler.java:206)
	at org.openqa.selenium.remote.ErrorHandler.throwIfResponseFailed(ErrorHandler.java:158)
	at org.openqa.selenium.remote.RemoteWebDriver.execute(RemoteWebDriver.java:678)
	at io.appium.java_client.DefaultGenericMobileDriver.execute(DefaultGenericMobileDriver.java:40)
	at io.appium.java_client.AppiumDriver.execute(AppiumDriver.java:1)
	at io.appium.java_client.ios.IOSDriver.execute(IOSDriver.java:1)
	at org.openqa.selenium.remote.RemoteWebDriver.findElement(RemoteWebDriver.java:363)
	at io.appium.java_client.DefaultGenericMobileDriver.findElement(DefaultGenericMobileDriver.java:56)
	at io.appium.java_client.AppiumDriver.findElement(AppiumDriver.java:1)
	at io.appium.java_client.ios.IOSDriver.findElement(IOSDriver.java:1)
	at org.openqa.selenium.remote.RemoteWebDriver.findElementByXPath(RemoteWebDriver.java:500)
	at io.appium.java_client.DefaultGenericMobileDriver.findElementByXPath(DefaultGenericMobileDriver.java:134)
	at io.appium.java_client.AppiumDriver.findElementByXPath(AppiumDriver.java:1)
	at io.appium.java_client.ios.IOSDriver.findElementByXPath(IOSDriver.java:1)
	at com.Functions.Functions.Setappinto_TestMode(Functions.java:1090)
	at com.Functions.AdMonitor_run.NativBB_Validations(AdMonitor_run.java:115)
	at sun.reflect.NativeMethodAccessorImpl.invoke0(Native Method)
	at sun.reflect.NativeMethodAccessorImpl.invoke(NativeMethodAccessorImpl.java:62)
	at sun.reflect.DelegatingMethodAccessorImpl.invoke(DelegatingMethodAccessorImpl.java:43)
	at java.lang.reflect.Method.invoke(Method.java:498)
	at org.testng.internal.MethodInvocationHelper.invokeMethod(MethodInvocationHelper.java:86)
	at org.testng.internal.Invoker.invokeMethod(Invoker.java:643)
	at org.testng.internal.Invoker.invokeTestMethod(Invoker.java:820)
	at org.testng.internal.Invoker.invokeTestMethods(Invoker.java:1128)
	at org.testng.internal.TestMethodWorker.invokeTestMethods(TestMethodWorker.java:129)
	at org.testng.internal.TestMethodWorker.run(TestMethodWorker.java:112)
	at org.testng.TestRunner.privateRun(TestRunner.java:782)
	at org.testng.TestRunner.run(TestRunner.java:632)
	at org.testng.SuiteRunner.runTest(SuiteRunner.java:366)
	at org.testng.SuiteRunner.runSequentially(SuiteRunner.java:361)
	at org.testng.SuiteRunner.privateRun(SuiteRunner.java:319)
	at org.testng.SuiteRunner.run(SuiteRunner.java:268)
	at org.testng.SuiteRunnerWorker.runSuite(SuiteRunnerWorker.java:52)
	at org.testng.SuiteRunnerWorker.run(SuiteRunnerWorker.java:86)
	at org.testng.TestNG.runSuitesSequentially(TestNG.java:1244)
	at org.testng.TestNG.runSuitesLocally(TestNG.java:1169)
	at org.testng.TestNG.run(TestNG.java:1064)
	at org.testng.remote.AbstractRemoteTestNG.run(AbstractRemoteTestNG.java:114)
	at org.testng.remote.RemoteTestNG.initAndRun(RemoteTestNG.java:251)
	at org.testng.remote.RemoteTestNG.main(RemoteTestNG.java:77)
]]>
            </full-stacktrace>
          </exception> <!-- org.openqa.selenium.NoSuchElementException -->
          <reporter-output>
          </reporter-output>
        </test-method> <!-- NativBB_Validations -->
        <test-method status="PASS" signature="afterMethod()[pri:0, instance:com.Functions.AdMonitor_run@3650d4fc]" name="afterMethod" is-config="true" duration-ms="1" started-at="2018-01-04T18:29:04Z" finished-at="2018-01-04T18:29:04Z">
          <reporter-output>
          </reporter-output>
        </test-method> <!-- afterMethod -->
        <test-method status="PASS" signature="NativanimatedBB_Validations()[pri:17, instance:com.Functions.AdMonitor_run@3650d4fc]" name="NativanimatedBB_Validations" duration-ms="85552" started-at="2018-01-04T18:29:04Z" finished-at="2018-01-04T18:30:30Z">
          <reporter-output>
          </reporter-output>
        </test-method> <!-- NativanimatedBB_Validations -->
        <test-method status="PASS" signature="beforeMethod()[pri:0, instance:com.Functions.AdMonitor_run@3650d4fc]" name="beforeMethod" is-config="true" duration-ms="0" started-at="2018-01-04T18:29:04Z" finished-at="2018-01-04T18:29:04Z">
          <reporter-output>
          </reporter-output>
        </test-method> <!-- beforeMethod -->
        <test-method status="PASS" signature="afterMethod()[pri:0, instance:com.Functions.AdMonitor_run@3650d4fc]" name="afterMethod" is-config="true" duration-ms="0" started-at="2018-01-04T18:30:30Z" finished-at="2018-01-04T18:30:30Z">
          <reporter-output>
          </reporter-output>
        </test-method> <!-- afterMethod -->
        <test-method status="PASS" signature="animatedBBAd_Validations()[pri:19, instance:com.Functions.AdMonitor_run@3650d4fc]" name="animatedBBAd_Validations" duration-ms="69888" started-at="2018-01-04T18:30:30Z" finished-at="2018-01-04T18:31:39Z">
          <reporter-output>
          </reporter-output>
        </test-method> <!-- animatedBBAd_Validations -->
        <test-method status="PASS" signature="beforeMethod()[pri:0, instance:com.Functions.AdMonitor_run@3650d4fc]" name="beforeMethod" is-config="true" duration-ms="0" started-at="2018-01-04T18:30:30Z" finished-at="2018-01-04T18:30:30Z">
          <reporter-output>
          </reporter-output>
        </test-method> <!-- beforeMethod -->
        <test-method status="PASS" signature="afterMethod()[pri:0, instance:com.Functions.AdMonitor_run@3650d4fc]" name="afterMethod" is-config="true" duration-ms="0" started-at="2018-01-04T18:31:39Z" finished-at="2018-01-04T18:31:39Z">
          <reporter-output>
          </reporter-output>
        </test-method> <!-- afterMethod -->
        <test-method status="PASS" signature="afterTest()[pri:0, instance:com.Functions.AdMonitor_run@3650d4fc]" name="afterTest" is-config="true" duration-ms="13556" started-at="2018-01-04T18:31:39Z" finished-at="2018-01-04T18:31:53Z">
          <reporter-output>
          </reporter-output>
        </test-method> <!-- afterTest -->
      </class> <!-- com.Functions.AdMonitor_run -->
    </test> <!-- Default test -->
  </suite> <!-- Default suite -->
</testng-results>
