<?xml version="1.0" encoding="UTF-8"?>
<!-- Generated by org.testng.reporters.JUnitXMLReporter -->
<testsuite hostname="MONO-HYD-LAP-14" name="TestLATOIL" tests="11" failures="0" timestamp="20 Sep 2018 14:09:59 GMT" time="18.204" errors="0">
  <testcase name="@BeforeTest beforeTest" time="0.0" classname="Cosmos_Testcases.LACosmosToIL">
    <failure type="org.openqa.selenium.WebDriverException" message="chrome not reachable
  (Session info: chrome=69.0.3497.100)
  (Driver info: chromedriver=2.41.578737 (49da6702b16031c40d63e5618de03a32ff6c197e),platform=Windows NT 10.0.17134 x86_64) (WARNING: The server did not provide any stacktrace information)
Command duration or timeout: 0 milliseconds
Build info: version: &amp;apos;3.11.0&amp;apos;, revision: &amp;apos;e59cfb3&amp;apos;, time: &amp;apos;2018-03-11T20:26:55.152Z&amp;apos;
System info: host: &amp;apos;MONO-HYD-LAP-14&amp;apos;, ip: &amp;apos;10.50.101.93&amp;apos;, os.name: &amp;apos;Windows 10&amp;apos;, os.arch: &amp;apos;amd64&amp;apos;, os.version: &amp;apos;10.0&amp;apos;, java.version: &amp;apos;1.8.0_181&amp;apos;
Driver info: org.openqa.selenium.chrome.ChromeDriver
Capabilities {acceptInsecureCerts: false, acceptSslCerts: false, applicationCacheEnabled: false, browserConnectionEnabled: false, browserName: chrome, chrome: {chromedriverVersion: 2.41.578737 (49da6702b16031..., userDataDir: C:\Users\BHAVIS~1\AppData\L...}, cssSelectorsEnabled: true, databaseEnabled: false, goog:chromeOptions: {debuggerAddress: localhost:52819}, handlesAlerts: true, hasTouchScreen: false, javascriptEnabled: true, locationContextEnabled: true, mobileEmulationEnabled: false, nativeEvents: true, networkConnectionEnabled: false, pageLoadStrategy: normal, platform: XP, platformName: XP, rotatable: false, setWindowRect: true, takesHeapSnapshot: true, takesScreenshot: true, unexpectedAlertBehaviour: , unhandledPromptBehavior: , version: 69.0.3497.100, webStorageEnabled: true}
Session ID: 646c6b4174a828d6eb008c68a3eb8c89">
      <![CDATA[org.openqa.selenium.WebDriverException: chrome not reachable
  (Session info: chrome=69.0.3497.100)
  (Driver info: chromedriver=2.41.578737 (49da6702b16031c40d63e5618de03a32ff6c197e),platform=Windows NT 10.0.17134 x86_64) (WARNING: The server did not provide any stacktrace information)
Command duration or timeout: 0 milliseconds
Build info: version: '3.11.0', revision: 'e59cfb3', time: '2018-03-11T20:26:55.152Z'
System info: host: 'MONO-HYD-LAP-14', ip: '10.50.101.93', os.name: 'Windows 10', os.arch: 'amd64', os.version: '10.0', java.version: '1.8.0_181'
Driver info: org.openqa.selenium.chrome.ChromeDriver
Capabilities {acceptInsecureCerts: false, acceptSslCerts: false, applicationCacheEnabled: false, browserConnectionEnabled: false, browserName: chrome, chrome: {chromedriverVersion: 2.41.578737 (49da6702b16031..., userDataDir: C:\Users\BHAVIS~1\AppData\L...}, cssSelectorsEnabled: true, databaseEnabled: false, goog:chromeOptions: {debuggerAddress: localhost:52819}, handlesAlerts: true, hasTouchScreen: false, javascriptEnabled: true, locationContextEnabled: true, mobileEmulationEnabled: false, nativeEvents: true, networkConnectionEnabled: false, pageLoadStrategy: normal, platform: XP, platformName: XP, rotatable: false, setWindowRect: true, takesHeapSnapshot: true, takesScreenshot: true, unexpectedAlertBehaviour: , unhandledPromptBehavior: , version: 69.0.3497.100, webStorageEnabled: true}
Session ID: 646c6b4174a828d6eb008c68a3eb8c89
	at org.openqa.selenium.remote.ErrorHandler.createThrowable(ErrorHandler.java:214)
	at org.openqa.selenium.remote.ErrorHandler.throwIfResponseFailed(ErrorHandler.java:166)
	at org.openqa.selenium.remote.http.JsonHttpResponseCodec.reconstructValue(JsonHttpResponseCodec.java:40)
	at org.openqa.selenium.remote.http.AbstractHttpResponseCodec.decode(AbstractHttpResponseCodec.java:80)
	at org.openqa.selenium.remote.http.AbstractHttpResponseCodec.decode(AbstractHttpResponseCodec.java:44)
	at org.openqa.selenium.remote.HttpCommandExecutor.execute(HttpCommandExecutor.java:158)
	at org.openqa.selenium.remote.service.DriverCommandExecutor.execute(DriverCommandExecutor.java:83)
	at org.openqa.selenium.remote.RemoteWebDriver.execute(RemoteWebDriver.java:545)
	at org.openqa.selenium.remote.RemoteWebDriver.get(RemoteWebDriver.java:273)
	at utilities.ReusableFunctions.launchBrowser(ReusableFunctions.java:185)
	at Cosmos_Testcases.LACosmosToIL.launching(LACosmosToIL.java:50)
	at Cosmos_Testcases.LACosmosToIL.beforeTest(LACosmosToIL.java:73)
... Removed 32 stack frames]]>
    </failure>
  </testcase> <!-- @BeforeTest beforeTest -->
  <testcase name="@AfterTest aftermethod" time="0.0" classname="Cosmos_Testcases.LACosmosToIL">
    <skipped/>
  </testcase> <!-- @AfterTest aftermethod -->
  <testcase name="selectNBSBranchInward" time="0.002" classname="Cosmos_Testcases.LACosmosToIL">
    <skipped/>
  </testcase> <!-- selectNBSBranchInward -->
  <testcase name="submitReciept" time="0.0" classname="Cosmos_Testcases.LACosmosToIL">
    <skipped/>
  </testcase> <!-- submitReciept -->
  <testcase name="pendingBranchScrutny" time="0.0" classname="Cosmos_Testcases.LACosmosToIL">
    <skipped/>
  </testcase> <!-- pendingBranchScrutny -->
  <testcase name="selectDispatch" time="0.0" classname="Cosmos_Testcases.LACosmosToIL">
    <skipped/>
  </testcase> <!-- selectDispatch -->
  <testcase name="scanAndIndex" time="0.0" classname="Cosmos_Testcases.LACosmosToIL">
    <skipped/>
  </testcase> <!-- scanAndIndex -->
  <testcase name="copsInwardBucket" time="0.0" classname="Cosmos_Testcases.LACosmosToIL">
    <skipped/>
  </testcase> <!-- copsInwardBucket -->
  <testcase name="nbsDataEntry" time="0.0" classname="Cosmos_Testcases.LACosmosToIL">
    <skipped/>
  </testcase> <!-- nbsDataEntry -->
  <testcase name="copsQc" time="0.0" classname="Cosmos_Testcases.LACosmosToIL">
    <skipped/>
  </testcase> <!-- copsQc -->
  <testcase name="UWBucket" time="0.0" classname="Cosmos_Testcases.LACosmosToIL">
    <skipped/>
  </testcase> <!-- UWBucket -->
  <testcase name="applicationTracker" time="0.0" classname="Cosmos_Testcases.LACosmosToIL">
    <skipped/>
  </testcase> <!-- applicationTracker -->
  <testcase name="proposalEnquiry" time="0.0" classname="Cosmos_Testcases.LACosmosToIL">
    <skipped/>
  </testcase> <!-- proposalEnquiry -->
</testsuite> <!-- TestLATOIL -->
