<?xml version="1.0" encoding="UTF-8"?>
<!-- Generated by org.testng.reporters.JUnitReportReporter -->
<testsuite skipped="5" hostname="MONO-HYD-LAP-14" name="Cosmos_Testcases.LATraditionalstppass" tests="10" failures="1" timestamp="20 Sep 2018 11:09:02 GMT" time="128.247" errors="0">
  <testcase name="selectNBSBranchInward" time="45.834" classname="Cosmos_Testcases.LATraditionalstppass"/>
  <testcase name="submitReciept" time="31.916" classname="Cosmos_Testcases.LATraditionalstppass"/>
  <testcase name="pendingBranchScrutny" time="19.113" classname="Cosmos_Testcases.LATraditionalstppass"/>
  <testcase name="selectDispatch" time="17.684" classname="Cosmos_Testcases.LATraditionalstppass"/>
  <testcase name="scanAndIndex" time="13.700" classname="Cosmos_Testcases.LATraditionalstppass">
    <failure type="java.lang.AssertionError" message="scanAndIndex not success with : MNB5418683">
      <![CDATA[java.lang.AssertionError: scanAndIndex not success with : MNB5418683
at org.junit.Assert.fail(Assert.java:93)
at Cosmos_Testcases.LATraditionalstppass.scanAndIndex(LATraditionalstppass.java:166)
at sun.reflect.NativeMethodAccessorImpl.invoke0(Native Method)
at sun.reflect.NativeMethodAccessorImpl.invoke(NativeMethodAccessorImpl.java:62)
at sun.reflect.DelegatingMethodAccessorImpl.invoke(DelegatingMethodAccessorImpl.java:43)
at java.lang.reflect.Method.invoke(Method.java:498)
at org.testng.internal.MethodInvocationHelper.invokeMethod(MethodInvocationHelper.java:124)
at org.testng.internal.Invoker.invokeMethod(Invoker.java:580)
at org.testng.internal.Invoker.invokeTestMethod(Invoker.java:716)
at org.testng.internal.Invoker.invokeTestMethods(Invoker.java:988)
at org.testng.internal.TestMethodWorker.invokeTestMethods(TestMethodWorker.java:125)
at org.testng.internal.TestMethodWorker.run(TestMethodWorker.java:109)
at org.testng.TestRunner.privateRun(TestRunner.java:648)
at org.testng.TestRunner.run(TestRunner.java:505)
at org.testng.SuiteRunner.runTest(SuiteRunner.java:455)
at org.testng.SuiteRunner.runSequentially(SuiteRunner.java:450)
at org.testng.SuiteRunner.privateRun(SuiteRunner.java:415)
at org.testng.SuiteRunner.run(SuiteRunner.java:364)
at org.testng.SuiteRunnerWorker.runSuite(SuiteRunnerWorker.java:52)
at org.testng.SuiteRunnerWorker.run(SuiteRunnerWorker.java:84)
at org.testng.TestNG.runSuitesSequentially(TestNG.java:1208)
at org.testng.TestNG.runSuitesLocally(TestNG.java:1137)
at org.testng.TestNG.runSuites(TestNG.java:1049)
at org.testng.TestNG.run(TestNG.java:1017)
at org.testng.remote.AbstractRemoteTestNG.run(AbstractRemoteTestNG.java:114)
at org.testng.remote.RemoteTestNG.initAndRun(RemoteTestNG.java:251)
at org.testng.remote.RemoteTestNG.main(RemoteTestNG.java:77)
]]>
    </failure>
  </testcase> <!-- scanAndIndex -->
  <testcase name="copsInwardBucket" time="0.000" classname="Cosmos_Testcases.LATraditionalstppass">
    <skipped/>
  </testcase> <!-- copsInwardBucket -->
  <testcase name="nbsDataEntry" time="0.000" classname="Cosmos_Testcases.LATraditionalstppass">
    <skipped/>
  </testcase> <!-- nbsDataEntry -->
  <testcase name="copsQc" time="0.000" classname="Cosmos_Testcases.LATraditionalstppass">
    <skipped/>
  </testcase> <!-- copsQc -->
  <testcase name="applicationTracker" time="0.000" classname="Cosmos_Testcases.LATraditionalstppass">
    <skipped/>
  </testcase> <!-- applicationTracker -->
  <testcase name="proposalEnquiry" time="0.000" classname="Cosmos_Testcases.LATraditionalstppass">
    <skipped/>
  </testcase> <!-- proposalEnquiry -->
</testsuite> <!-- Cosmos_Testcases.LATraditionalstppass -->
